{"D:\\Предмети_інформатика\\Дипломна_робота\\map\\water\\app.js": {"path":"D:\\Предмети_інформатика\\Дипломна_робота\\map\\water\\app.js","statementMap":{"0":{"start":{"line":1,"column":16},"end":{"line":1,"column":34}},"1":{"start":{"line":2,"column":16},"end":{"line":2,"column":42}},"2":{"start":{"line":3,"column":19},"end":{"line":3,"column":40}},"3":{"start":{"line":4,"column":26},"end":{"line":4,"column":55}},"4":{"start":{"line":5,"column":17},"end":{"line":5,"column":36}},"5":{"start":{"line":6,"column":17},"end":{"line":6,"column":36}},"6":{"start":{"line":7,"column":22},"end":{"line":7,"column":56}},"7":{"start":{"line":8,"column":15},"end":{"line":8,"column":32}},"8":{"start":{"line":9,"column":14},"end":{"line":9,"column":38}},"9":{"start":{"line":10,"column":12},"end":{"line":10,"column":21}},"10":{"start":{"line":11,"column":13},"end":{"line":11,"column":37}},"11":{"start":{"line":12,"column":41},"end":{"line":12,"column":86}},"12":{"start":{"line":13,"column":0},"end":{"line":13,"column":27}},"13":{"start":{"line":14,"column":16},"end":{"line":14,"column":47}},"14":{"start":{"line":15,"column":15},"end":{"line":15,"column":40}},"15":{"start":{"line":18,"column":20},"end":{"line":18,"column":45}},"16":{"start":{"line":31,"column":13},"end":{"line":31,"column":37}},"17":{"start":{"line":34,"column":4},"end":{"line":44,"column":5}},"18":{"start":{"line":35,"column":27},"end":{"line":38,"column":10}},"19":{"start":{"line":39,"column":8},"end":{"line":39,"column":59}},"20":{"start":{"line":40,"column":8},"end":{"line":40,"column":26}},"21":{"start":{"line":42,"column":8},"end":{"line":42,"column":59}},"22":{"start":{"line":43,"column":8},"end":{"line":43,"column":20}},"23":{"start":{"line":53,"column":4},"end":{"line":64,"column":5}},"24":{"start":{"line":54,"column":27},"end":{"line":54,"column":52}},"25":{"start":{"line":55,"column":8},"end":{"line":58,"column":9}},"26":{"start":{"line":56,"column":12},"end":{"line":56,"column":68}},"27":{"start":{"line":57,"column":12},"end":{"line":57,"column":28}},"28":{"start":{"line":59,"column":8},"end":{"line":59,"column":31}},"29":{"start":{"line":60,"column":8},"end":{"line":60,"column":55}},"30":{"start":{"line":62,"column":8},"end":{"line":62,"column":53}},"31":{"start":{"line":63,"column":8},"end":{"line":63,"column":24}},"32":{"start":{"line":70,"column":0},"end":{"line":76,"column":6}},"33":{"start":{"line":74,"column":8},"end":{"line":74,"column":74}},"34":{"start":{"line":79,"column":0},"end":{"line":79,"column":29}},"35":{"start":{"line":80,"column":0},"end":{"line":80,"column":25}},"36":{"start":{"line":85,"column":0},"end":{"line":85,"column":34}},"37":{"start":{"line":87,"column":0},"end":{"line":91,"column":3}},"38":{"start":{"line":94,"column":0},"end":{"line":94,"column":46}},"39":{"start":{"line":96,"column":0},"end":{"line":96,"column":24}},"40":{"start":{"line":99,"column":0},"end":{"line":99,"column":17}},"41":{"start":{"line":102,"column":0},"end":{"line":108,"column":3}},"42":{"start":{"line":103,"column":4},"end":{"line":106,"column":6}},"43":{"start":{"line":107,"column":4},"end":{"line":107,"column":11}},"44":{"start":{"line":110,"column":0},"end":{"line":113,"column":3}},"45":{"start":{"line":111,"column":4},"end":{"line":111,"column":38}},"46":{"start":{"line":112,"column":4},"end":{"line":112,"column":11}},"47":{"start":{"line":118,"column":0},"end":{"line":120,"column":3}},"48":{"start":{"line":119,"column":4},"end":{"line":119,"column":24}},"49":{"start":{"line":122,"column":0},"end":{"line":131,"column":3}},"50":{"start":{"line":123,"column":4},"end":{"line":130,"column":5}},"51":{"start":{"line":125,"column":21},"end":{"line":125,"column":44}},"52":{"start":{"line":126,"column":8},"end":{"line":126,"column":25}},"53":{"start":{"line":129,"column":8},"end":{"line":129,"column":23}},"54":{"start":{"line":133,"column":0},"end":{"line":147,"column":2}},"55":{"start":{"line":135,"column":8},"end":{"line":145,"column":9}},"56":{"start":{"line":136,"column":25},"end":{"line":136,"column":65}},"57":{"start":{"line":137,"column":12},"end":{"line":137,"column":81}},"58":{"start":{"line":137,"column":22},"end":{"line":137,"column":81}},"59":{"start":{"line":139,"column":28},"end":{"line":139,"column":73}},"60":{"start":{"line":140,"column":12},"end":{"line":140,"column":83}},"61":{"start":{"line":140,"column":25},"end":{"line":140,"column":83}},"62":{"start":{"line":141,"column":12},"end":{"line":141,"column":36}},"63":{"start":{"line":144,"column":12},"end":{"line":144,"column":29}},"64":{"start":{"line":151,"column":0},"end":{"line":151,"column":31}},"65":{"start":{"line":152,"column":0},"end":{"line":152,"column":28}},"66":{"start":{"line":157,"column":0},"end":{"line":157,"column":26}},"67":{"start":{"line":201,"column":0},"end":{"line":201,"column":14}},"68":{"start":{"line":204,"column":0},"end":{"line":204,"column":36}}},"fnMap":{"0":{"name":"connectToDatabase","decl":{"start":{"line":33,"column":15},"end":{"line":33,"column":32}},"loc":{"start":{"line":33,"column":35},"end":{"line":45,"column":1}},"line":33},"1":{"name":"startServer","decl":{"start":{"line":52,"column":15},"end":{"line":52,"column":26}},"loc":{"start":{"line":52,"column":29},"end":{"line":65,"column":1}},"line":52},"2":{"name":"(anonymous_2)","decl":{"start":{"line":73,"column":13},"end":{"line":73,"column":14}},"loc":{"start":{"line":73,"column":43},"end":{"line":75,"column":7}},"line":73},"3":{"name":"(anonymous_3)","decl":{"start":{"line":102,"column":8},"end":{"line":102,"column":9}},"loc":{"start":{"line":102,"column":28},"end":{"line":108,"column":1}},"line":102},"4":{"name":"(anonymous_4)","decl":{"start":{"line":110,"column":8},"end":{"line":110,"column":9}},"loc":{"start":{"line":110,"column":28},"end":{"line":113,"column":1}},"line":110},"5":{"name":"(anonymous_5)","decl":{"start":{"line":118,"column":23},"end":{"line":118,"column":24}},"loc":{"start":{"line":118,"column":37},"end":{"line":120,"column":1}},"line":118},"6":{"name":"(anonymous_6)","decl":{"start":{"line":122,"column":25},"end":{"line":122,"column":26}},"loc":{"start":{"line":122,"column":43},"end":{"line":131,"column":1}},"line":122},"7":{"name":"(anonymous_7)","decl":{"start":{"line":134,"column":4},"end":{"line":134,"column":5}},"loc":{"start":{"line":134,"column":39},"end":{"line":146,"column":5}},"line":134}},"branchMap":{"0":{"loc":{"start":{"line":31,"column":13},"end":{"line":31,"column":37}},"type":"binary-expr","locations":[{"start":{"line":31,"column":13},"end":{"line":31,"column":29}},{"start":{"line":31,"column":33},"end":{"line":31,"column":37}}],"line":31},"1":{"loc":{"start":{"line":55,"column":8},"end":{"line":58,"column":9}},"type":"if","locations":[{"start":{"line":55,"column":8},"end":{"line":58,"column":9}},{"start":{},"end":{}}],"line":55},"2":{"loc":{"start":{"line":74,"column":15},"end":{"line":74,"column":73}},"type":"cond-expr","locations":[{"start":{"line":74,"column":33},"end":{"line":74,"column":49}},{"start":{"line":74,"column":52},"end":{"line":74,"column":73}}],"line":74},"3":{"loc":{"start":{"line":137,"column":12},"end":{"line":137,"column":81}},"type":"if","locations":[{"start":{"line":137,"column":12},"end":{"line":137,"column":81}},{"start":{},"end":{}}],"line":137},"4":{"loc":{"start":{"line":140,"column":12},"end":{"line":140,"column":83}},"type":"if","locations":[{"start":{"line":140,"column":12},"end":{"line":140,"column":83}},{"start":{},"end":{}}],"line":140}},"s":{"0":1,"1":1,"2":1,"3":1,"4":1,"5":1,"6":1,"7":1,"8":1,"9":1,"10":1,"11":1,"12":1,"13":1,"14":1,"15":1,"16":1,"17":1,"18":1,"19":1,"20":1,"21":0,"22":0,"23":1,"24":1,"25":1,"26":0,"27":0,"28":1,"29":1,"30":0,"31":0,"32":1,"33":1,"34":1,"35":1,"36":1,"37":1,"38":1,"39":1,"40":1,"41":1,"42":35,"43":35,"44":1,"45":35,"46":35,"47":1,"48":5,"49":1,"50":4,"51":4,"52":4,"53":0,"54":1,"55":7,"56":7,"57":7,"58":2,"59":5,"60":5,"61":0,"62":5,"63":0,"64":1,"65":1,"66":1,"67":1,"68":1},"f":{"0":1,"1":1,"2":1,"3":35,"4":35,"5":5,"6":4,"7":7},"b":{"0":[1,1],"1":[0,1],"2":[1,0],"3":[2,5],"4":[0,5]},"_coverageSchema":"1a1c01bbd47fc00a2c39e90264f33305004495a9","hash":"2102f8a45054dd46606d91d6dd1ea75bc3829d11"}
,"D:\\Предмети_інформатика\\Дипломна_робота\\map\\water\\models\\user.js": {"path":"D:\\Предмети_інформатика\\Дипломна_робота\\map\\water\\models\\user.js","statementMap":{"0":{"start":{"line":1,"column":17},"end":{"line":1,"column":36}},"1":{"start":{"line":4,"column":13},"end":{"line":42,"column":2}},"2":{"start":{"line":46,"column":0},"end":{"line":46,"column":46}}},"fnMap":{},"branchMap":{},"s":{"0":1,"1":1,"2":1},"f":{},"b":{},"_coverageSchema":"1a1c01bbd47fc00a2c39e90264f33305004495a9","hash":"eb88dc92312912e36886a5ef212229ec29f24701"}
,"D:\\Предмети_інформатика\\Дипломна_робота\\map\\water\\models\\water.js": {"path":"D:\\Предмети_інформатика\\Дипломна_робота\\map\\water\\models\\water.js","statementMap":{"0":{"start":{"line":3,"column":17},"end":{"line":3,"column":36}},"1":{"start":{"line":7,"column":27},"end":{"line":63,"column":2}},"2":{"start":{"line":18,"column":14},"end":{"line":18,"column":37}},"3":{"start":{"line":20,"column":30},"end":{"line":20,"column":78}},"4":{"start":{"line":30,"column":14},"end":{"line":30,"column":37}},"5":{"start":{"line":32,"column":30},"end":{"line":32,"column":78}},"6":{"start":{"line":55,"column":16},"end":{"line":55,"column":102}},"7":{"start":{"line":57,"column":30},"end":{"line":57,"column":78}},"8":{"start":{"line":65,"column":20},"end":{"line":65,"column":69}},"9":{"start":{"line":67,"column":0},"end":{"line":67,"column":33}}},"fnMap":{"0":{"name":"(anonymous_0)","decl":{"start":{"line":17,"column":23},"end":{"line":17,"column":24}},"loc":{"start":{"line":17,"column":39},"end":{"line":19,"column":13}},"line":17},"1":{"name":"(anonymous_1)","decl":{"start":{"line":20,"column":21},"end":{"line":20,"column":22}},"loc":{"start":{"line":20,"column":30},"end":{"line":20,"column":78}},"line":20},"2":{"name":"(anonymous_2)","decl":{"start":{"line":29,"column":23},"end":{"line":29,"column":24}},"loc":{"start":{"line":29,"column":39},"end":{"line":31,"column":13}},"line":29},"3":{"name":"(anonymous_3)","decl":{"start":{"line":32,"column":21},"end":{"line":32,"column":22}},"loc":{"start":{"line":32,"column":30},"end":{"line":32,"column":78}},"line":32},"4":{"name":"(anonymous_4)","decl":{"start":{"line":54,"column":23},"end":{"line":54,"column":24}},"loc":{"start":{"line":54,"column":39},"end":{"line":56,"column":13}},"line":54},"5":{"name":"(anonymous_5)","decl":{"start":{"line":57,"column":21},"end":{"line":57,"column":22}},"loc":{"start":{"line":57,"column":30},"end":{"line":57,"column":78}},"line":57}},"branchMap":{"0":{"loc":{"start":{"line":55,"column":23},"end":{"line":55,"column":101}},"type":"binary-expr","locations":[{"start":{"line":55,"column":23},"end":{"line":55,"column":48}},{"start":{"line":55,"column":52},"end":{"line":55,"column":101}}],"line":55}},"s":{"0":1,"1":1,"2":2,"3":0,"4":2,"5":0,"6":2,"7":0,"8":1,"9":1},"f":{"0":2,"1":0,"2":2,"3":0,"4":2,"5":0},"b":{"0":[2,2]},"_coverageSchema":"1a1c01bbd47fc00a2c39e90264f33305004495a9","hash":"f451a16dfe64844769bfccee31aec5db0f9401d0"}
,"D:\\Предмети_інформатика\\Дипломна_робота\\map\\water\\routes\\start.js": {"path":"D:\\Предмети_інформатика\\Дипломна_робота\\map\\water\\routes\\start.js","statementMap":{"0":{"start":{"line":1,"column":17},"end":{"line":1,"column":35}},"1":{"start":{"line":2,"column":15},"end":{"line":2,"column":23}},"2":{"start":{"line":3,"column":15},"end":{"line":3,"column":32}},"3":{"start":{"line":4,"column":13},"end":{"line":4,"column":38}},"4":{"start":{"line":5,"column":17},"end":{"line":5,"column":36}},"5":{"start":{"line":6,"column":19},"end":{"line":6,"column":40}},"6":{"start":{"line":7,"column":15},"end":{"line":7,"column":32}},"7":{"start":{"line":8,"column":24},"end":{"line":8,"column":50}},"8":{"start":{"line":9,"column":16},"end":{"line":9,"column":31}},"9":{"start":{"line":10,"column":0},"end":{"line":10,"column":27}},"10":{"start":{"line":15,"column":4},"end":{"line":15,"column":56}},"11":{"start":{"line":15,"column":42},"end":{"line":15,"column":56}},"12":{"start":{"line":16,"column":4},"end":{"line":16,"column":27}},"13":{"start":{"line":20,"column":4},"end":{"line":20,"column":45}},"14":{"start":{"line":20,"column":31},"end":{"line":20,"column":45}},"15":{"start":{"line":21,"column":4},"end":{"line":21,"column":29}},"16":{"start":{"line":29,"column":0},"end":{"line":38,"column":3}},"17":{"start":{"line":30,"column":4},"end":{"line":37,"column":5}},"18":{"start":{"line":31,"column":21},"end":{"line":31,"column":54}},"19":{"start":{"line":32,"column":22},"end":{"line":32,"column":48}},"20":{"start":{"line":33,"column":8},"end":{"line":33,"column":63}},"21":{"start":{"line":35,"column":8},"end":{"line":35,"column":29}},"22":{"start":{"line":36,"column":8},"end":{"line":36,"column":31}},"23":{"start":{"line":44,"column":0},"end":{"line":50,"column":2}},"24":{"start":{"line":45,"column":19},"end":{"line":48,"column":5}},"25":{"start":{"line":49,"column":4},"end":{"line":49,"column":76}},"26":{"start":{"line":52,"column":0},"end":{"line":55,"column":3}},"27":{"start":{"line":57,"column":0},"end":{"line":61,"column":3}},"28":{"start":{"line":58,"column":4},"end":{"line":60,"column":7}},"29":{"start":{"line":59,"column":8},"end":{"line":59,"column":31}},"30":{"start":{"line":67,"column":0},"end":{"line":69,"column":2}},"31":{"start":{"line":68,"column":4},"end":{"line":68,"column":52}},"32":{"start":{"line":73,"column":21},"end":{"line":148,"column":3}},"33":{"start":{"line":74,"column":53},"end":{"line":74,"column":61}},"34":{"start":{"line":76,"column":17},"end":{"line":76,"column":19}},"35":{"start":{"line":78,"column":4},"end":{"line":82,"column":5}},"36":{"start":{"line":79,"column":6},"end":{"line":81,"column":9}},"37":{"start":{"line":84,"column":23},"end":{"line":84,"column":51}},"38":{"start":{"line":85,"column":4},"end":{"line":89,"column":5}},"39":{"start":{"line":86,"column":6},"end":{"line":88,"column":9}},"40":{"start":{"line":91,"column":25},"end":{"line":91,"column":54}},"41":{"start":{"line":92,"column":4},"end":{"line":96,"column":5}},"42":{"start":{"line":93,"column":6},"end":{"line":95,"column":9}},"43":{"start":{"line":98,"column":4},"end":{"line":102,"column":5}},"44":{"start":{"line":99,"column":6},"end":{"line":101,"column":9}},"45":{"start":{"line":104,"column":4},"end":{"line":108,"column":5}},"46":{"start":{"line":105,"column":6},"end":{"line":107,"column":9}},"47":{"start":{"line":110,"column":4},"end":{"line":147,"column":5}},"48":{"start":{"line":111,"column":6},"end":{"line":117,"column":9}},"49":{"start":{"line":119,"column":6},"end":{"line":146,"column":7}},"50":{"start":{"line":120,"column":24},"end":{"line":124,"column":10}},"51":{"start":{"line":126,"column":21},"end":{"line":126,"column":45}},"52":{"start":{"line":127,"column":21},"end":{"line":127,"column":62}},"53":{"start":{"line":128,"column":8},"end":{"line":128,"column":32}},"54":{"start":{"line":130,"column":8},"end":{"line":130,"column":29}},"55":{"start":{"line":132,"column":8},"end":{"line":132,"column":69}},"56":{"start":{"line":133,"column":8},"end":{"line":133,"column":31}},"57":{"start":{"line":135,"column":8},"end":{"line":135,"column":29}},"58":{"start":{"line":136,"column":8},"end":{"line":138,"column":11}},"59":{"start":{"line":139,"column":8},"end":{"line":145,"column":11}},"60":{"start":{"line":150,"column":0},"end":{"line":150,"column":38}},"61":{"start":{"line":156,"column":0},"end":{"line":158,"column":3}},"62":{"start":{"line":157,"column":4},"end":{"line":157,"column":60}},"63":{"start":{"line":160,"column":0},"end":{"line":224,"column":3}},"64":{"start":{"line":161,"column":98},"end":{"line":161,"column":106}},"65":{"start":{"line":162,"column":17},"end":{"line":162,"column":19}},"66":{"start":{"line":163,"column":4},"end":{"line":167,"column":5}},"67":{"start":{"line":164,"column":8},"end":{"line":166,"column":11}},"68":{"start":{"line":168,"column":4},"end":{"line":172,"column":5}},"69":{"start":{"line":169,"column":8},"end":{"line":171,"column":10}},"70":{"start":{"line":173,"column":4},"end":{"line":177,"column":5}},"71":{"start":{"line":174,"column":8},"end":{"line":176,"column":10}},"72":{"start":{"line":178,"column":4},"end":{"line":223,"column":5}},"73":{"start":{"line":179,"column":8},"end":{"line":188,"column":11}},"74":{"start":{"line":191,"column":8},"end":{"line":222,"column":9}},"75":{"start":{"line":192,"column":29},"end":{"line":201,"column":14}},"76":{"start":{"line":202,"column":12},"end":{"line":202,"column":29}},"77":{"start":{"line":203,"column":12},"end":{"line":205,"column":14}},"78":{"start":{"line":206,"column":12},"end":{"line":206,"column":37}},"79":{"start":{"line":208,"column":12},"end":{"line":208,"column":33}},"80":{"start":{"line":209,"column":12},"end":{"line":211,"column":15}},"81":{"start":{"line":212,"column":12},"end":{"line":221,"column":15}},"82":{"start":{"line":228,"column":0},"end":{"line":238,"column":2}},"83":{"start":{"line":229,"column":4},"end":{"line":237,"column":5}},"84":{"start":{"line":230,"column":21},"end":{"line":230,"column":42}},"85":{"start":{"line":231,"column":22},"end":{"line":231,"column":64}},"86":{"start":{"line":232,"column":8},"end":{"line":232,"column":75}},"87":{"start":{"line":235,"column":8},"end":{"line":235,"column":27}},"88":{"start":{"line":236,"column":8},"end":{"line":236,"column":54}},"89":{"start":{"line":240,"column":0},"end":{"line":274,"column":5}},"90":{"start":{"line":241,"column":100},"end":{"line":241,"column":108}},"91":{"start":{"line":242,"column":4},"end":{"line":273,"column":5}},"92":{"start":{"line":243,"column":6},"end":{"line":246,"column":7}},"93":{"start":{"line":244,"column":8},"end":{"line":244,"column":119}},"94":{"start":{"line":245,"column":8},"end":{"line":245,"column":59}},"95":{"start":{"line":247,"column":6},"end":{"line":250,"column":7}},"96":{"start":{"line":248,"column":8},"end":{"line":248,"column":119}},"97":{"start":{"line":249,"column":8},"end":{"line":249,"column":59}},"98":{"start":{"line":251,"column":6},"end":{"line":265,"column":8}},"99":{"start":{"line":266,"column":6},"end":{"line":266,"column":56}},"100":{"start":{"line":267,"column":6},"end":{"line":267,"column":31}},"101":{"start":{"line":269,"column":6},"end":{"line":269,"column":23}},"102":{"start":{"line":270,"column":6},"end":{"line":270,"column":49}},"103":{"start":{"line":271,"column":6},"end":{"line":271,"column":29}},"104":{"start":{"line":272,"column":6},"end":{"line":272,"column":50}},"105":{"start":{"line":281,"column":0},"end":{"line":283,"column":3}},"106":{"start":{"line":282,"column":4},"end":{"line":282,"column":62}},"107":{"start":{"line":288,"column":0},"end":{"line":376,"column":3}},"108":{"start":{"line":289,"column":4},"end":{"line":375,"column":5}},"109":{"start":{"line":290,"column":22},"end":{"line":290,"column":66}},"110":{"start":{"line":291,"column":22},"end":{"line":291,"column":36}},"111":{"start":{"line":292,"column":21},"end":{"line":292,"column":50}},"112":{"start":{"line":293,"column":8},"end":{"line":296,"column":9}},"113":{"start":{"line":294,"column":12},"end":{"line":294,"column":69}},"114":{"start":{"line":295,"column":12},"end":{"line":295,"column":52}},"115":{"start":{"line":298,"column":8},"end":{"line":298,"column":40}},"116":{"start":{"line":299,"column":8},"end":{"line":299,"column":57}},"117":{"start":{"line":300,"column":8},"end":{"line":300,"column":26}},"118":{"start":{"line":304,"column":28},"end":{"line":317,"column":9}},"119":{"start":{"line":319,"column":33},"end":{"line":325,"column":10}},"120":{"start":{"line":327,"column":34},"end":{"line":335,"column":12}},"121":{"start":{"line":337,"column":25},"end":{"line":337,"column":37}},"122":{"start":{"line":338,"column":26},"end":{"line":338,"column":36}},"123":{"start":{"line":340,"column":8},"end":{"line":369,"column":9}},"124":{"start":{"line":341,"column":12},"end":{"line":351,"column":14}},"125":{"start":{"line":342,"column":16},"end":{"line":350,"column":17}},"126":{"start":{"line":343,"column":20},"end":{"line":343,"column":37}},"127":{"start":{"line":344,"column":20},"end":{"line":344,"column":84}},"128":{"start":{"line":345,"column":20},"end":{"line":345,"column":53}},"129":{"start":{"line":347,"column":20},"end":{"line":347,"column":32}},"130":{"start":{"line":348,"column":20},"end":{"line":348,"column":117}},"131":{"start":{"line":349,"column":20},"end":{"line":349,"column":53}},"132":{"start":{"line":353,"column":13},"end":{"line":369,"column":9}},"133":{"start":{"line":354,"column":12},"end":{"line":364,"column":14}},"134":{"start":{"line":355,"column":16},"end":{"line":363,"column":17}},"135":{"start":{"line":356,"column":20},"end":{"line":356,"column":37}},"136":{"start":{"line":357,"column":20},"end":{"line":357,"column":84}},"137":{"start":{"line":358,"column":20},"end":{"line":358,"column":53}},"138":{"start":{"line":360,"column":20},"end":{"line":360,"column":32}},"139":{"start":{"line":361,"column":20},"end":{"line":361,"column":117}},"140":{"start":{"line":362,"column":20},"end":{"line":362,"column":53}},"141":{"start":{"line":367,"column":12},"end":{"line":367,"column":82}},"142":{"start":{"line":368,"column":12},"end":{"line":368,"column":45}},"143":{"start":{"line":372,"column":8},"end":{"line":372,"column":27}},"144":{"start":{"line":373,"column":8},"end":{"line":373,"column":72}},"145":{"start":{"line":374,"column":8},"end":{"line":374,"column":41}},"146":{"start":{"line":381,"column":0},"end":{"line":400,"column":3}},"147":{"start":{"line":382,"column":4},"end":{"line":399,"column":5}},"148":{"start":{"line":383,"column":21},"end":{"line":386,"column":10}},"149":{"start":{"line":387,"column":8},"end":{"line":390,"column":9}},"150":{"start":{"line":388,"column":12},"end":{"line":388,"column":59}},"151":{"start":{"line":389,"column":12},"end":{"line":389,"column":52}},"152":{"start":{"line":391,"column":8},"end":{"line":393,"column":11}},"153":{"start":{"line":395,"column":8},"end":{"line":395,"column":27}},"154":{"start":{"line":396,"column":8},"end":{"line":396,"column":25}},"155":{"start":{"line":397,"column":8},"end":{"line":397,"column":84}},"156":{"start":{"line":398,"column":8},"end":{"line":398,"column":41}},"157":{"start":{"line":403,"column":0},"end":{"line":431,"column":3}},"158":{"start":{"line":404,"column":4},"end":{"line":430,"column":5}},"159":{"start":{"line":405,"column":21},"end":{"line":408,"column":10}},"160":{"start":{"line":409,"column":8},"end":{"line":412,"column":9}},"161":{"start":{"line":410,"column":12},"end":{"line":410,"column":59}},"162":{"start":{"line":411,"column":12},"end":{"line":411,"column":52}},"163":{"start":{"line":413,"column":8},"end":{"line":416,"column":9}},"164":{"start":{"line":414,"column":12},"end":{"line":414,"column":57}},"165":{"start":{"line":415,"column":12},"end":{"line":415,"column":71}},"166":{"start":{"line":417,"column":21},"end":{"line":417,"column":45}},"167":{"start":{"line":418,"column":8},"end":{"line":418,"column":67}},"168":{"start":{"line":419,"column":8},"end":{"line":419,"column":44}},"169":{"start":{"line":420,"column":8},"end":{"line":420,"column":46}},"170":{"start":{"line":423,"column":8},"end":{"line":423,"column":26}},"171":{"start":{"line":424,"column":8},"end":{"line":424,"column":115}},"172":{"start":{"line":425,"column":8},"end":{"line":425,"column":31}},"173":{"start":{"line":427,"column":8},"end":{"line":427,"column":27}},"174":{"start":{"line":428,"column":8},"end":{"line":428,"column":84}},"175":{"start":{"line":429,"column":8},"end":{"line":429,"column":60}},"176":{"start":{"line":436,"column":0},"end":{"line":445,"column":2}},"177":{"start":{"line":437,"column":17},"end":{"line":437,"column":50}},"178":{"start":{"line":438,"column":4},"end":{"line":444,"column":5}},"179":{"start":{"line":439,"column":8},"end":{"line":439,"column":65}},"180":{"start":{"line":442,"column":8},"end":{"line":442,"column":25}},"181":{"start":{"line":443,"column":8},"end":{"line":443,"column":31}},"182":{"start":{"line":447,"column":0},"end":{"line":478,"column":3}},"183":{"start":{"line":448,"column":40},"end":{"line":448,"column":48}},"184":{"start":{"line":449,"column":4},"end":{"line":451,"column":5}},"185":{"start":{"line":450,"column":8},"end":{"line":450,"column":46}},"186":{"start":{"line":452,"column":4},"end":{"line":455,"column":5}},"187":{"start":{"line":453,"column":8},"end":{"line":453,"column":43}},"188":{"start":{"line":454,"column":8},"end":{"line":454,"column":40}},"189":{"start":{"line":456,"column":4},"end":{"line":459,"column":5}},"190":{"start":{"line":457,"column":8},"end":{"line":457,"column":45}},"191":{"start":{"line":458,"column":8},"end":{"line":458,"column":40}},"192":{"start":{"line":460,"column":4},"end":{"line":477,"column":5}},"193":{"start":{"line":461,"column":12},"end":{"line":468,"column":15}},"194":{"start":{"line":469,"column":8},"end":{"line":471,"column":10}},"195":{"start":{"line":472,"column":8},"end":{"line":472,"column":33}},"196":{"start":{"line":474,"column":8},"end":{"line":474,"column":29}},"197":{"start":{"line":475,"column":8},"end":{"line":475,"column":51}},"198":{"start":{"line":476,"column":8},"end":{"line":476,"column":33}},"199":{"start":{"line":480,"column":0},"end":{"line":489,"column":2}},"200":{"start":{"line":481,"column":17},"end":{"line":481,"column":50}},"201":{"start":{"line":482,"column":4},"end":{"line":488,"column":5}},"202":{"start":{"line":483,"column":8},"end":{"line":483,"column":67}},"203":{"start":{"line":486,"column":8},"end":{"line":486,"column":25}},"204":{"start":{"line":487,"column":8},"end":{"line":487,"column":31}},"205":{"start":{"line":491,"column":0},"end":{"line":511,"column":5}},"206":{"start":{"line":492,"column":40},"end":{"line":492,"column":48}},"207":{"start":{"line":493,"column":4},"end":{"line":510,"column":5}},"208":{"start":{"line":494,"column":8},"end":{"line":497,"column":10}},"209":{"start":{"line":498,"column":8},"end":{"line":501,"column":10}},"210":{"start":{"line":502,"column":8},"end":{"line":502,"column":33}},"211":{"start":{"line":504,"column":8},"end":{"line":504,"column":29}},"212":{"start":{"line":505,"column":8},"end":{"line":508,"column":10}},"213":{"start":{"line":509,"column":8},"end":{"line":509,"column":33}},"214":{"start":{"line":516,"column":0},"end":{"line":516,"column":24}},"215":{"start":{"line":517,"column":0},"end":{"line":519,"column":4}},"216":{"start":{"line":521,"column":0},"end":{"line":521,"column":39}}},"fnMap":{"0":{"name":"isLoggedIn","decl":{"start":{"line":14,"column":9},"end":{"line":14,"column":19}},"loc":{"start":{"line":14,"column":35},"end":{"line":17,"column":1}},"line":14},"1":{"name":"isLoggedOut","decl":{"start":{"line":19,"column":9},"end":{"line":19,"column":20}},"loc":{"start":{"line":19,"column":36},"end":{"line":22,"column":1}},"line":19},"2":{"name":"(anonymous_2)","decl":{"start":{"line":29,"column":35},"end":{"line":29,"column":36}},"loc":{"start":{"line":29,"column":55},"end":{"line":38,"column":1}},"line":29},"3":{"name":"(anonymous_3)","decl":{"start":{"line":44,"column":34},"end":{"line":44,"column":35}},"loc":{"start":{"line":44,"column":48},"end":{"line":50,"column":1}},"line":44},"4":{"name":"(anonymous_4)","decl":{"start":{"line":57,"column":22},"end":{"line":57,"column":23}},"loc":{"start":{"line":57,"column":36},"end":{"line":61,"column":1}},"line":57},"5":{"name":"(anonymous_5)","decl":{"start":{"line":58,"column":15},"end":{"line":58,"column":16}},"loc":{"start":{"line":58,"column":21},"end":{"line":60,"column":5}},"line":58},"6":{"name":"(anonymous_6)","decl":{"start":{"line":67,"column":24},"end":{"line":67,"column":25}},"loc":{"start":{"line":67,"column":44},"end":{"line":69,"column":1}},"line":67},"7":{"name":"(anonymous_7)","decl":{"start":{"line":73,"column":21},"end":{"line":73,"column":22}},"loc":{"start":{"line":73,"column":41},"end":{"line":148,"column":3}},"line":73},"8":{"name":"(anonymous_8)","decl":{"start":{"line":156,"column":33},"end":{"line":156,"column":34}},"loc":{"start":{"line":156,"column":47},"end":{"line":158,"column":1}},"line":156},"9":{"name":"(anonymous_9)","decl":{"start":{"line":160,"column":22},"end":{"line":160,"column":23}},"loc":{"start":{"line":160,"column":42},"end":{"line":224,"column":1}},"line":160},"10":{"name":"(anonymous_10)","decl":{"start":{"line":228,"column":42},"end":{"line":228,"column":43}},"loc":{"start":{"line":228,"column":62},"end":{"line":238,"column":1}},"line":228},"11":{"name":"(anonymous_11)","decl":{"start":{"line":240,"column":30},"end":{"line":240,"column":31}},"loc":{"start":{"line":240,"column":50},"end":{"line":274,"column":3}},"line":240},"12":{"name":"(anonymous_12)","decl":{"start":{"line":281,"column":31},"end":{"line":281,"column":32}},"loc":{"start":{"line":281,"column":45},"end":{"line":283,"column":1}},"line":281},"13":{"name":"(anonymous_13)","decl":{"start":{"line":288,"column":32},"end":{"line":288,"column":33}},"loc":{"start":{"line":288,"column":52},"end":{"line":376,"column":1}},"line":288},"14":{"name":"(anonymous_14)","decl":{"start":{"line":341,"column":51},"end":{"line":341,"column":52}},"loc":{"start":{"line":341,"column":70},"end":{"line":351,"column":13}},"line":341},"15":{"name":"(anonymous_15)","decl":{"start":{"line":354,"column":52},"end":{"line":354,"column":53}},"loc":{"start":{"line":354,"column":71},"end":{"line":364,"column":13}},"line":354},"16":{"name":"(anonymous_16)","decl":{"start":{"line":381,"column":37},"end":{"line":381,"column":38}},"loc":{"start":{"line":381,"column":57},"end":{"line":400,"column":1}},"line":381},"17":{"name":"(anonymous_17)","decl":{"start":{"line":403,"column":38},"end":{"line":403,"column":39}},"loc":{"start":{"line":403,"column":58},"end":{"line":431,"column":1}},"line":403},"18":{"name":"(anonymous_18)","decl":{"start":{"line":436,"column":36},"end":{"line":436,"column":37}},"loc":{"start":{"line":436,"column":56},"end":{"line":445,"column":1}},"line":436},"19":{"name":"(anonymous_19)","decl":{"start":{"line":447,"column":25},"end":{"line":447,"column":26}},"loc":{"start":{"line":447,"column":44},"end":{"line":478,"column":1}},"line":447},"20":{"name":"(anonymous_20)","decl":{"start":{"line":480,"column":36},"end":{"line":480,"column":37}},"loc":{"start":{"line":480,"column":56},"end":{"line":489,"column":1}},"line":480},"21":{"name":"(anonymous_21)","decl":{"start":{"line":491,"column":25},"end":{"line":491,"column":26}},"loc":{"start":{"line":491,"column":44},"end":{"line":511,"column":3}},"line":491}},"branchMap":{"0":{"loc":{"start":{"line":15,"column":4},"end":{"line":15,"column":56}},"type":"if","locations":[{"start":{"line":15,"column":4},"end":{"line":15,"column":56}},{"start":{},"end":{}}],"line":15},"1":{"loc":{"start":{"line":15,"column":7},"end":{"line":15,"column":40}},"type":"binary-expr","locations":[{"start":{"line":15,"column":7},"end":{"line":15,"column":28}},{"start":{"line":15,"column":32},"end":{"line":15,"column":40}}],"line":15},"2":{"loc":{"start":{"line":20,"column":4},"end":{"line":20,"column":45}},"type":"if","locations":[{"start":{"line":20,"column":4},"end":{"line":20,"column":45}},{"start":{},"end":{}}],"line":20},"3":{"loc":{"start":{"line":78,"column":4},"end":{"line":82,"column":5}},"type":"if","locations":[{"start":{"line":78,"column":4},"end":{"line":82,"column":5}},{"start":{},"end":{}}],"line":78},"4":{"loc":{"start":{"line":78,"column":8},"end":{"line":78,"column":54}},"type":"binary-expr","locations":[{"start":{"line":78,"column":8},"end":{"line":78,"column":17}},{"start":{"line":78,"column":21},"end":{"line":78,"column":27}},{"start":{"line":78,"column":31},"end":{"line":78,"column":40}},{"start":{"line":78,"column":44},"end":{"line":78,"column":54}}],"line":78},"5":{"loc":{"start":{"line":85,"column":4},"end":{"line":89,"column":5}},"type":"if","locations":[{"start":{"line":85,"column":4},"end":{"line":89,"column":5}},{"start":{},"end":{}}],"line":85},"6":{"loc":{"start":{"line":92,"column":4},"end":{"line":96,"column":5}},"type":"if","locations":[{"start":{"line":92,"column":4},"end":{"line":96,"column":5}},{"start":{},"end":{}}],"line":92},"7":{"loc":{"start":{"line":98,"column":4},"end":{"line":102,"column":5}},"type":"if","locations":[{"start":{"line":98,"column":4},"end":{"line":102,"column":5}},{"start":{},"end":{}}],"line":98},"8":{"loc":{"start":{"line":104,"column":4},"end":{"line":108,"column":5}},"type":"if","locations":[{"start":{"line":104,"column":4},"end":{"line":108,"column":5}},{"start":{},"end":{}}],"line":104},"9":{"loc":{"start":{"line":110,"column":4},"end":{"line":147,"column":5}},"type":"if","locations":[{"start":{"line":110,"column":4},"end":{"line":147,"column":5}},{"start":{"line":118,"column":11},"end":{"line":147,"column":5}}],"line":110},"10":{"loc":{"start":{"line":163,"column":4},"end":{"line":167,"column":5}},"type":"if","locations":[{"start":{"line":163,"column":4},"end":{"line":167,"column":5}},{"start":{},"end":{}}],"line":163},"11":{"loc":{"start":{"line":163,"column":8},"end":{"line":163,"column":100}},"type":"binary-expr","locations":[{"start":{"line":163,"column":8},"end":{"line":163,"column":19}},{"start":{"line":163,"column":23},"end":{"line":163,"column":35}},{"start":{"line":163,"column":39},"end":{"line":163,"column":51}},{"start":{"line":163,"column":55},"end":{"line":163,"column":60}},{"start":{"line":163,"column":64},"end":{"line":163,"column":71}},{"start":{"line":163,"column":75},"end":{"line":163,"column":90}},{"start":{"line":163,"column":93},"end":{"line":163,"column":100}}],"line":163},"12":{"loc":{"start":{"line":168,"column":4},"end":{"line":172,"column":5}},"type":"if","locations":[{"start":{"line":168,"column":4},"end":{"line":172,"column":5}},{"start":{},"end":{}}],"line":168},"13":{"loc":{"start":{"line":173,"column":4},"end":{"line":177,"column":5}},"type":"if","locations":[{"start":{"line":173,"column":4},"end":{"line":177,"column":5}},{"start":{},"end":{}}],"line":173},"14":{"loc":{"start":{"line":178,"column":4},"end":{"line":223,"column":5}},"type":"if","locations":[{"start":{"line":178,"column":4},"end":{"line":223,"column":5}},{"start":{"line":190,"column":10},"end":{"line":223,"column":5}}],"line":178},"15":{"loc":{"start":{"line":243,"column":6},"end":{"line":246,"column":7}},"type":"if","locations":[{"start":{"line":243,"column":6},"end":{"line":246,"column":7}},{"start":{},"end":{}}],"line":243},"16":{"loc":{"start":{"line":247,"column":6},"end":{"line":250,"column":7}},"type":"if","locations":[{"start":{"line":247,"column":6},"end":{"line":250,"column":7}},{"start":{},"end":{}}],"line":247},"17":{"loc":{"start":{"line":293,"column":8},"end":{"line":296,"column":9}},"type":"if","locations":[{"start":{"line":293,"column":8},"end":{"line":296,"column":9}},{"start":{},"end":{}}],"line":293},"18":{"loc":{"start":{"line":340,"column":8},"end":{"line":369,"column":9}},"type":"if","locations":[{"start":{"line":340,"column":8},"end":{"line":369,"column":9}},{"start":{"line":353,"column":13},"end":{"line":369,"column":9}}],"line":340},"19":{"loc":{"start":{"line":342,"column":16},"end":{"line":350,"column":17}},"type":"if","locations":[{"start":{"line":342,"column":16},"end":{"line":350,"column":17}},{"start":{"line":346,"column":23},"end":{"line":350,"column":17}}],"line":342},"20":{"loc":{"start":{"line":353,"column":13},"end":{"line":369,"column":9}},"type":"if","locations":[{"start":{"line":353,"column":13},"end":{"line":369,"column":9}},{"start":{"line":366,"column":12},"end":{"line":369,"column":9}}],"line":353},"21":{"loc":{"start":{"line":355,"column":16},"end":{"line":363,"column":17}},"type":"if","locations":[{"start":{"line":355,"column":16},"end":{"line":363,"column":17}},{"start":{"line":359,"column":23},"end":{"line":363,"column":17}}],"line":355},"22":{"loc":{"start":{"line":387,"column":8},"end":{"line":390,"column":9}},"type":"if","locations":[{"start":{"line":387,"column":8},"end":{"line":390,"column":9}},{"start":{},"end":{}}],"line":387},"23":{"loc":{"start":{"line":409,"column":8},"end":{"line":412,"column":9}},"type":"if","locations":[{"start":{"line":409,"column":8},"end":{"line":412,"column":9}},{"start":{},"end":{}}],"line":409},"24":{"loc":{"start":{"line":413,"column":8},"end":{"line":416,"column":9}},"type":"if","locations":[{"start":{"line":413,"column":8},"end":{"line":416,"column":9}},{"start":{},"end":{}}],"line":413},"25":{"loc":{"start":{"line":449,"column":4},"end":{"line":451,"column":5}},"type":"if","locations":[{"start":{"line":449,"column":4},"end":{"line":451,"column":5}},{"start":{},"end":{}}],"line":449},"26":{"loc":{"start":{"line":449,"column":7},"end":{"line":449,"column":42}},"type":"binary-expr","locations":[{"start":{"line":449,"column":7},"end":{"line":449,"column":13}},{"start":{"line":449,"column":17},"end":{"line":449,"column":23}},{"start":{"line":449,"column":27},"end":{"line":449,"column":34}},{"start":{"line":449,"column":38},"end":{"line":449,"column":42}}],"line":449},"27":{"loc":{"start":{"line":452,"column":4},"end":{"line":455,"column":5}},"type":"if","locations":[{"start":{"line":452,"column":4},"end":{"line":455,"column":5}},{"start":{},"end":{}}],"line":452},"28":{"loc":{"start":{"line":456,"column":4},"end":{"line":459,"column":5}},"type":"if","locations":[{"start":{"line":456,"column":4},"end":{"line":459,"column":5}},{"start":{},"end":{}}],"line":456}},"s":{"0":1,"1":1,"2":1,"3":1,"4":1,"5":1,"6":1,"7":1,"8":1,"9":1,"10":6,"11":4,"12":2,"13":2,"14":2,"15":0,"16":1,"17":1,"18":1,"19":1,"20":1,"21":0,"22":0,"23":1,"24":2,"25":2,"26":1,"27":1,"28":1,"29":1,"30":1,"31":2,"32":1,"33":7,"34":7,"35":7,"36":1,"37":7,"38":7,"39":1,"40":7,"41":7,"42":3,"43":7,"44":3,"45":7,"46":1,"47":7,"48":6,"49":1,"50":1,"51":1,"52":1,"53":1,"54":1,"55":1,"56":1,"57":0,"58":0,"59":0,"60":1,"61":1,"62":2,"63":1,"64":4,"65":4,"66":4,"67":1,"68":4,"69":2,"70":4,"71":2,"72":4,"73":3,"74":1,"75":1,"76":1,"77":1,"78":1,"79":0,"80":0,"81":0,"82":1,"83":1,"84":1,"85":1,"86":1,"87":0,"88":0,"89":1,"90":3,"91":3,"92":3,"93":1,"94":1,"95":2,"96":1,"97":1,"98":1,"99":1,"100":1,"101":0,"102":0,"103":0,"104":0,"105":1,"106":0,"107":1,"108":0,"109":0,"110":0,"111":0,"112":0,"113":0,"114":0,"115":0,"116":0,"117":0,"118":0,"119":0,"120":0,"121":0,"122":0,"123":0,"124":0,"125":0,"126":0,"127":0,"128":0,"129":0,"130":0,"131":0,"132":0,"133":0,"134":0,"135":0,"136":0,"137":0,"138":0,"139":0,"140":0,"141":0,"142":0,"143":0,"144":0,"145":0,"146":1,"147":3,"148":3,"149":2,"150":1,"151":1,"152":1,"153":1,"154":1,"155":1,"156":1,"157":1,"158":0,"159":0,"160":0,"161":0,"162":0,"163":0,"164":0,"165":0,"166":0,"167":0,"168":0,"169":0,"170":0,"171":0,"172":0,"173":0,"174":0,"175":0,"176":1,"177":0,"178":0,"179":0,"180":0,"181":0,"182":1,"183":0,"184":0,"185":0,"186":0,"187":0,"188":0,"189":0,"190":0,"191":0,"192":0,"193":0,"194":0,"195":0,"196":0,"197":0,"198":0,"199":1,"200":0,"201":0,"202":0,"203":0,"204":0,"205":1,"206":0,"207":0,"208":0,"209":0,"210":0,"211":0,"212":0,"213":0,"214":1,"215":1,"216":1},"f":{"0":6,"1":2,"2":1,"3":2,"4":1,"5":1,"6":2,"7":7,"8":2,"9":4,"10":1,"11":3,"12":0,"13":0,"14":0,"15":0,"16":3,"17":0,"18":0,"19":0,"20":0,"21":0},"b":{"0":[4,2],"1":[6,4],"2":[2,0],"3":[1,6],"4":[7,7,7,7],"5":[1,6],"6":[3,4],"7":[3,4],"8":[1,6],"9":[6,1],"10":[1,3],"11":[4,3,3,3,3,3,3],"12":[2,2],"13":[2,2],"14":[3,1],"15":[1,2],"16":[1,1],"17":[0,0],"18":[0,0],"19":[0,0],"20":[0,0],"21":[0,0],"22":[1,1],"23":[0,0],"24":[0,0],"25":[0,0],"26":[0,0,0,0],"27":[0,0],"28":[0,0]},"_coverageSchema":"1a1c01bbd47fc00a2c39e90264f33305004495a9","hash":"73889ccb982fe44ab56dd3eca41e63dcd34c8962"}
}
