{"D:\\Предмети_інформатика\\Дипломна_робота\\map\\water\\app.js": {"path":"D:\\Предмети_інформатика\\Дипломна_робота\\map\\water\\app.js","statementMap":{"0":{"start":{"line":1,"column":16},"end":{"line":1,"column":34}},"1":{"start":{"line":2,"column":16},"end":{"line":2,"column":42}},"2":{"start":{"line":3,"column":19},"end":{"line":3,"column":40}},"3":{"start":{"line":4,"column":26},"end":{"line":4,"column":55}},"4":{"start":{"line":5,"column":17},"end":{"line":5,"column":36}},"5":{"start":{"line":6,"column":17},"end":{"line":6,"column":36}},"6":{"start":{"line":7,"column":22},"end":{"line":7,"column":56}},"7":{"start":{"line":8,"column":15},"end":{"line":8,"column":32}},"8":{"start":{"line":9,"column":14},"end":{"line":9,"column":38}},"9":{"start":{"line":10,"column":12},"end":{"line":10,"column":21}},"10":{"start":{"line":11,"column":13},"end":{"line":11,"column":37}},"11":{"start":{"line":12,"column":41},"end":{"line":12,"column":86}},"12":{"start":{"line":13,"column":0},"end":{"line":13,"column":27}},"13":{"start":{"line":14,"column":16},"end":{"line":14,"column":47}},"14":{"start":{"line":18,"column":20},"end":{"line":18,"column":45}},"15":{"start":{"line":31,"column":13},"end":{"line":31,"column":37}},"16":{"start":{"line":40,"column":0},"end":{"line":46,"column":6}},"17":{"start":{"line":44,"column":8},"end":{"line":44,"column":74}},"18":{"start":{"line":49,"column":0},"end":{"line":49,"column":29}},"19":{"start":{"line":50,"column":0},"end":{"line":50,"column":25}},"20":{"start":{"line":55,"column":0},"end":{"line":55,"column":34}},"21":{"start":{"line":57,"column":0},"end":{"line":61,"column":3}},"22":{"start":{"line":64,"column":0},"end":{"line":64,"column":46}},"23":{"start":{"line":66,"column":0},"end":{"line":66,"column":24}},"24":{"start":{"line":69,"column":0},"end":{"line":69,"column":17}},"25":{"start":{"line":72,"column":0},"end":{"line":78,"column":3}},"26":{"start":{"line":73,"column":4},"end":{"line":76,"column":6}},"27":{"start":{"line":77,"column":4},"end":{"line":77,"column":11}},"28":{"start":{"line":80,"column":0},"end":{"line":83,"column":3}},"29":{"start":{"line":81,"column":4},"end":{"line":81,"column":38}},"30":{"start":{"line":82,"column":4},"end":{"line":82,"column":11}},"31":{"start":{"line":88,"column":0},"end":{"line":90,"column":3}},"32":{"start":{"line":89,"column":4},"end":{"line":89,"column":24}},"33":{"start":{"line":92,"column":0},"end":{"line":101,"column":3}},"34":{"start":{"line":93,"column":4},"end":{"line":100,"column":5}},"35":{"start":{"line":95,"column":21},"end":{"line":95,"column":44}},"36":{"start":{"line":96,"column":8},"end":{"line":96,"column":25}},"37":{"start":{"line":99,"column":8},"end":{"line":99,"column":23}},"38":{"start":{"line":103,"column":0},"end":{"line":117,"column":2}},"39":{"start":{"line":105,"column":8},"end":{"line":115,"column":9}},"40":{"start":{"line":106,"column":25},"end":{"line":106,"column":65}},"41":{"start":{"line":107,"column":12},"end":{"line":107,"column":81}},"42":{"start":{"line":107,"column":22},"end":{"line":107,"column":81}},"43":{"start":{"line":109,"column":28},"end":{"line":109,"column":73}},"44":{"start":{"line":110,"column":12},"end":{"line":110,"column":83}},"45":{"start":{"line":110,"column":25},"end":{"line":110,"column":83}},"46":{"start":{"line":111,"column":12},"end":{"line":111,"column":36}},"47":{"start":{"line":114,"column":12},"end":{"line":114,"column":29}},"48":{"start":{"line":120,"column":0},"end":{"line":134,"column":3}},"49":{"start":{"line":121,"column":4},"end":{"line":133,"column":6}},"50":{"start":{"line":125,"column":8},"end":{"line":125,"column":76}},"51":{"start":{"line":125,"column":18},"end":{"line":125,"column":76}},"52":{"start":{"line":126,"column":8},"end":{"line":130,"column":10}},"53":{"start":{"line":127,"column":12},"end":{"line":127,"column":37}},"54":{"start":{"line":127,"column":20},"end":{"line":127,"column":37}},"55":{"start":{"line":128,"column":12},"end":{"line":128,"column":89}},"56":{"start":{"line":128,"column":30},"end":{"line":128,"column":89}},"57":{"start":{"line":129,"column":12},"end":{"line":129,"column":36}},"58":{"start":{"line":132,"column":8},"end":{"line":132,"column":25}},"59":{"start":{"line":138,"column":0},"end":{"line":138,"column":31}},"60":{"start":{"line":139,"column":0},"end":{"line":139,"column":28}},"61":{"start":{"line":144,"column":0},"end":{"line":144,"column":26}},"62":{"start":{"line":149,"column":32},"end":{"line":164,"column":6}},"63":{"start":{"line":153,"column":4},"end":{"line":153,"column":54}},"64":{"start":{"line":154,"column":4},"end":{"line":161,"column":6}},"65":{"start":{"line":155,"column":8},"end":{"line":160,"column":9}},"66":{"start":{"line":156,"column":12},"end":{"line":156,"column":29}},"67":{"start":{"line":159,"column":8},"end":{"line":159,"column":55}},"68":{"start":{"line":163,"column":8},"end":{"line":163,"column":53}},"69":{"start":{"line":203,"column":0},"end":{"line":203,"column":16}},"70":{"start":{"line":206,"column":0},"end":{"line":206,"column":20}}},"fnMap":{"0":{"name":"(anonymous_0)","decl":{"start":{"line":43,"column":13},"end":{"line":43,"column":14}},"loc":{"start":{"line":43,"column":43},"end":{"line":45,"column":7}},"line":43},"1":{"name":"(anonymous_1)","decl":{"start":{"line":72,"column":8},"end":{"line":72,"column":9}},"loc":{"start":{"line":72,"column":28},"end":{"line":78,"column":1}},"line":72},"2":{"name":"(anonymous_2)","decl":{"start":{"line":80,"column":8},"end":{"line":80,"column":9}},"loc":{"start":{"line":80,"column":28},"end":{"line":83,"column":1}},"line":80},"3":{"name":"(anonymous_3)","decl":{"start":{"line":88,"column":23},"end":{"line":88,"column":24}},"loc":{"start":{"line":88,"column":37},"end":{"line":90,"column":1}},"line":88},"4":{"name":"(anonymous_4)","decl":{"start":{"line":92,"column":25},"end":{"line":92,"column":26}},"loc":{"start":{"line":92,"column":43},"end":{"line":101,"column":1}},"line":92},"5":{"name":"(anonymous_5)","decl":{"start":{"line":104,"column":4},"end":{"line":104,"column":5}},"loc":{"start":{"line":104,"column":39},"end":{"line":116,"column":5}},"line":104},"6":{"name":"(anonymous_6)","decl":{"start":{"line":120,"column":31},"end":{"line":120,"column":32}},"loc":{"start":{"line":120,"column":60},"end":{"line":134,"column":1}},"line":120},"7":{"name":"(anonymous_7)","decl":{"start":{"line":124,"column":12},"end":{"line":124,"column":13}},"loc":{"start":{"line":124,"column":21},"end":{"line":131,"column":5}},"line":124},"8":{"name":"(anonymous_8)","decl":{"start":{"line":126,"column":48},"end":{"line":126,"column":49}},"loc":{"start":{"line":126,"column":61},"end":{"line":130,"column":9}},"line":126},"9":{"name":"(anonymous_9)","decl":{"start":{"line":131,"column":13},"end":{"line":131,"column":14}},"loc":{"start":{"line":131,"column":22},"end":{"line":133,"column":5}},"line":131},"10":{"name":"runner_server","decl":{"start":{"line":149,"column":15},"end":{"line":149,"column":28}},"loc":{"start":{"line":149,"column":31},"end":{"line":165,"column":1}},"line":149},"11":{"name":"(anonymous_11)","decl":{"start":{"line":152,"column":8},"end":{"line":152,"column":9}},"loc":{"start":{"line":152,"column":12},"end":{"line":162,"column":5}},"line":152},"12":{"name":"(anonymous_12)","decl":{"start":{"line":154,"column":21},"end":{"line":154,"column":22}},"loc":{"start":{"line":154,"column":30},"end":{"line":161,"column":5}},"line":154},"13":{"name":"(anonymous_13)","decl":{"start":{"line":162,"column":13},"end":{"line":162,"column":14}},"loc":{"start":{"line":162,"column":20},"end":{"line":164,"column":5}},"line":162}},"branchMap":{"0":{"loc":{"start":{"line":31,"column":13},"end":{"line":31,"column":37}},"type":"binary-expr","locations":[{"start":{"line":31,"column":13},"end":{"line":31,"column":29}},{"start":{"line":31,"column":33},"end":{"line":31,"column":37}}],"line":31},"1":{"loc":{"start":{"line":44,"column":15},"end":{"line":44,"column":73}},"type":"cond-expr","locations":[{"start":{"line":44,"column":33},"end":{"line":44,"column":49}},{"start":{"line":44,"column":52},"end":{"line":44,"column":73}}],"line":44},"2":{"loc":{"start":{"line":107,"column":12},"end":{"line":107,"column":81}},"type":"if","locations":[{"start":{"line":107,"column":12},"end":{"line":107,"column":81}},{"start":{},"end":{}}],"line":107},"3":{"loc":{"start":{"line":110,"column":12},"end":{"line":110,"column":83}},"type":"if","locations":[{"start":{"line":110,"column":12},"end":{"line":110,"column":83}},{"start":{},"end":{}}],"line":110},"4":{"loc":{"start":{"line":125,"column":8},"end":{"line":125,"column":76}},"type":"if","locations":[{"start":{"line":125,"column":8},"end":{"line":125,"column":76}},{"start":{},"end":{}}],"line":125},"5":{"loc":{"start":{"line":127,"column":12},"end":{"line":127,"column":37}},"type":"if","locations":[{"start":{"line":127,"column":12},"end":{"line":127,"column":37}},{"start":{},"end":{}}],"line":127},"6":{"loc":{"start":{"line":128,"column":12},"end":{"line":128,"column":89}},"type":"if","locations":[{"start":{"line":128,"column":12},"end":{"line":128,"column":89}},{"start":{},"end":{}}],"line":128},"7":{"loc":{"start":{"line":155,"column":8},"end":{"line":160,"column":9}},"type":"if","locations":[{"start":{"line":155,"column":8},"end":{"line":160,"column":9}},{"start":{"line":158,"column":12},"end":{"line":160,"column":9}}],"line":155}},"s":{"0":1,"1":1,"2":1,"3":1,"4":1,"5":1,"6":1,"7":1,"8":1,"9":1,"10":1,"11":1,"12":1,"13":1,"14":1,"15":1,"16":1,"17":0,"18":1,"19":1,"20":1,"21":1,"22":1,"23":1,"24":1,"25":1,"26":1,"27":1,"28":1,"29":1,"30":1,"31":1,"32":0,"33":1,"34":0,"35":0,"36":0,"37":0,"38":1,"39":0,"40":0,"41":0,"42":0,"43":0,"44":0,"45":0,"46":0,"47":0,"48":1,"49":0,"50":0,"51":0,"52":0,"53":0,"54":0,"55":0,"56":0,"57":0,"58":0,"59":1,"60":1,"61":1,"62":1,"63":1,"64":1,"65":1,"66":0,"67":1,"68":0,"69":1,"70":1},"f":{"0":0,"1":1,"2":1,"3":0,"4":0,"5":0,"6":0,"7":0,"8":0,"9":0,"10":1,"11":1,"12":1,"13":0},"b":{"0":[1,1],"1":[0,0],"2":[0,0],"3":[0,0],"4":[0,0],"5":[0,0],"6":[0,0],"7":[0,1]},"_coverageSchema":"1a1c01bbd47fc00a2c39e90264f33305004495a9","hash":"d0c22479e42d68897da0ed2c5a146d7c294e79d0"}
,"D:\\Предмети_інформатика\\Дипломна_робота\\map\\water\\models\\user.js": {"path":"D:\\Предмети_інформатика\\Дипломна_робота\\map\\water\\models\\user.js","statementMap":{"0":{"start":{"line":1,"column":17},"end":{"line":1,"column":36}},"1":{"start":{"line":4,"column":13},"end":{"line":42,"column":2}},"2":{"start":{"line":46,"column":0},"end":{"line":46,"column":46}}},"fnMap":{},"branchMap":{},"s":{"0":1,"1":1,"2":1},"f":{},"b":{},"_coverageSchema":"1a1c01bbd47fc00a2c39e90264f33305004495a9","hash":"eb88dc92312912e36886a5ef212229ec29f24701"}
,"D:\\Предмети_інформатика\\Дипломна_робота\\map\\water\\models\\water.js": {"path":"D:\\Предмети_інформатика\\Дипломна_робота\\map\\water\\models\\water.js","statementMap":{"0":{"start":{"line":3,"column":17},"end":{"line":3,"column":36}},"1":{"start":{"line":7,"column":27},"end":{"line":63,"column":2}},"2":{"start":{"line":18,"column":14},"end":{"line":18,"column":37}},"3":{"start":{"line":20,"column":30},"end":{"line":20,"column":78}},"4":{"start":{"line":30,"column":14},"end":{"line":30,"column":37}},"5":{"start":{"line":32,"column":30},"end":{"line":32,"column":78}},"6":{"start":{"line":55,"column":14},"end":{"line":55,"column":37}},"7":{"start":{"line":57,"column":30},"end":{"line":57,"column":78}},"8":{"start":{"line":65,"column":20},"end":{"line":65,"column":69}},"9":{"start":{"line":67,"column":0},"end":{"line":67,"column":33}}},"fnMap":{"0":{"name":"(anonymous_0)","decl":{"start":{"line":17,"column":23},"end":{"line":17,"column":24}},"loc":{"start":{"line":17,"column":39},"end":{"line":19,"column":13}},"line":17},"1":{"name":"(anonymous_1)","decl":{"start":{"line":20,"column":21},"end":{"line":20,"column":22}},"loc":{"start":{"line":20,"column":30},"end":{"line":20,"column":78}},"line":20},"2":{"name":"(anonymous_2)","decl":{"start":{"line":29,"column":23},"end":{"line":29,"column":24}},"loc":{"start":{"line":29,"column":39},"end":{"line":31,"column":13}},"line":29},"3":{"name":"(anonymous_3)","decl":{"start":{"line":32,"column":21},"end":{"line":32,"column":22}},"loc":{"start":{"line":32,"column":30},"end":{"line":32,"column":78}},"line":32},"4":{"name":"(anonymous_4)","decl":{"start":{"line":54,"column":23},"end":{"line":54,"column":24}},"loc":{"start":{"line":54,"column":39},"end":{"line":56,"column":13}},"line":54},"5":{"name":"(anonymous_5)","decl":{"start":{"line":57,"column":21},"end":{"line":57,"column":22}},"loc":{"start":{"line":57,"column":30},"end":{"line":57,"column":78}},"line":57}},"branchMap":{},"s":{"0":1,"1":1,"2":0,"3":0,"4":0,"5":0,"6":0,"7":0,"8":1,"9":1},"f":{"0":0,"1":0,"2":0,"3":0,"4":0,"5":0},"b":{},"_coverageSchema":"1a1c01bbd47fc00a2c39e90264f33305004495a9","hash":"6b6f2a78b41985c4b8f4f0b5bfee7b36704fc064"}
,"D:\\Предмети_інформатика\\Дипломна_робота\\map\\water\\routes\\start.js": {"path":"D:\\Предмети_інформатика\\Дипломна_робота\\map\\water\\routes\\start.js","statementMap":{"0":{"start":{"line":1,"column":17},"end":{"line":1,"column":35}},"1":{"start":{"line":2,"column":15},"end":{"line":2,"column":23}},"2":{"start":{"line":3,"column":15},"end":{"line":3,"column":32}},"3":{"start":{"line":4,"column":13},"end":{"line":4,"column":38}},"4":{"start":{"line":5,"column":17},"end":{"line":5,"column":36}},"5":{"start":{"line":6,"column":19},"end":{"line":6,"column":40}},"6":{"start":{"line":7,"column":15},"end":{"line":7,"column":32}},"7":{"start":{"line":8,"column":24},"end":{"line":8,"column":50}},"8":{"start":{"line":9,"column":16},"end":{"line":9,"column":31}},"9":{"start":{"line":10,"column":0},"end":{"line":10,"column":27}},"10":{"start":{"line":14,"column":4},"end":{"line":14,"column":44}},"11":{"start":{"line":14,"column":30},"end":{"line":14,"column":44}},"12":{"start":{"line":15,"column":4},"end":{"line":15,"column":27}},"13":{"start":{"line":19,"column":4},"end":{"line":19,"column":45}},"14":{"start":{"line":19,"column":31},"end":{"line":19,"column":45}},"15":{"start":{"line":20,"column":4},"end":{"line":20,"column":29}},"16":{"start":{"line":28,"column":0},"end":{"line":37,"column":3}},"17":{"start":{"line":29,"column":4},"end":{"line":36,"column":5}},"18":{"start":{"line":30,"column":21},"end":{"line":30,"column":54}},"19":{"start":{"line":31,"column":22},"end":{"line":31,"column":48}},"20":{"start":{"line":32,"column":8},"end":{"line":32,"column":63}},"21":{"start":{"line":34,"column":8},"end":{"line":34,"column":29}},"22":{"start":{"line":35,"column":8},"end":{"line":35,"column":31}},"23":{"start":{"line":43,"column":0},"end":{"line":49,"column":2}},"24":{"start":{"line":44,"column":19},"end":{"line":47,"column":5}},"25":{"start":{"line":48,"column":4},"end":{"line":48,"column":76}},"26":{"start":{"line":51,"column":0},"end":{"line":54,"column":3}},"27":{"start":{"line":56,"column":0},"end":{"line":60,"column":3}},"28":{"start":{"line":57,"column":4},"end":{"line":59,"column":7}},"29":{"start":{"line":58,"column":8},"end":{"line":58,"column":31}},"30":{"start":{"line":66,"column":0},"end":{"line":68,"column":2}},"31":{"start":{"line":67,"column":4},"end":{"line":67,"column":52}},"32":{"start":{"line":69,"column":0},"end":{"line":144,"column":3}},"33":{"start":{"line":70,"column":51},"end":{"line":70,"column":59}},"34":{"start":{"line":72,"column":17},"end":{"line":72,"column":19}},"35":{"start":{"line":74,"column":4},"end":{"line":78,"column":5}},"36":{"start":{"line":75,"column":8},"end":{"line":77,"column":11}},"37":{"start":{"line":80,"column":23},"end":{"line":80,"column":51}},"38":{"start":{"line":81,"column":4},"end":{"line":85,"column":5}},"39":{"start":{"line":82,"column":6},"end":{"line":84,"column":9}},"40":{"start":{"line":87,"column":25},"end":{"line":87,"column":54}},"41":{"start":{"line":88,"column":4},"end":{"line":92,"column":5}},"42":{"start":{"line":89,"column":6},"end":{"line":91,"column":9}},"43":{"start":{"line":94,"column":4},"end":{"line":98,"column":5}},"44":{"start":{"line":95,"column":8},"end":{"line":97,"column":11}},"45":{"start":{"line":100,"column":4},"end":{"line":104,"column":5}},"46":{"start":{"line":101,"column":8},"end":{"line":103,"column":11}},"47":{"start":{"line":106,"column":4},"end":{"line":143,"column":5}},"48":{"start":{"line":107,"column":8},"end":{"line":113,"column":11}},"49":{"start":{"line":115,"column":8},"end":{"line":142,"column":9}},"50":{"start":{"line":116,"column":28},"end":{"line":120,"column":14}},"51":{"start":{"line":122,"column":25},"end":{"line":122,"column":49}},"52":{"start":{"line":123,"column":25},"end":{"line":123,"column":66}},"53":{"start":{"line":124,"column":12},"end":{"line":124,"column":36}},"54":{"start":{"line":126,"column":12},"end":{"line":126,"column":33}},"55":{"start":{"line":128,"column":12},"end":{"line":128,"column":73}},"56":{"start":{"line":129,"column":12},"end":{"line":129,"column":35}},"57":{"start":{"line":131,"column":12},"end":{"line":131,"column":33}},"58":{"start":{"line":132,"column":12},"end":{"line":134,"column":15}},"59":{"start":{"line":135,"column":12},"end":{"line":141,"column":15}},"60":{"start":{"line":148,"column":0},"end":{"line":150,"column":3}},"61":{"start":{"line":149,"column":4},"end":{"line":149,"column":60}},"62":{"start":{"line":152,"column":0},"end":{"line":216,"column":3}},"63":{"start":{"line":153,"column":98},"end":{"line":153,"column":106}},"64":{"start":{"line":154,"column":17},"end":{"line":154,"column":19}},"65":{"start":{"line":155,"column":4},"end":{"line":159,"column":5}},"66":{"start":{"line":156,"column":8},"end":{"line":158,"column":11}},"67":{"start":{"line":160,"column":4},"end":{"line":164,"column":5}},"68":{"start":{"line":161,"column":8},"end":{"line":163,"column":10}},"69":{"start":{"line":165,"column":4},"end":{"line":169,"column":5}},"70":{"start":{"line":166,"column":8},"end":{"line":168,"column":10}},"71":{"start":{"line":170,"column":4},"end":{"line":215,"column":5}},"72":{"start":{"line":171,"column":8},"end":{"line":180,"column":11}},"73":{"start":{"line":183,"column":8},"end":{"line":214,"column":9}},"74":{"start":{"line":184,"column":29},"end":{"line":193,"column":14}},"75":{"start":{"line":194,"column":12},"end":{"line":194,"column":29}},"76":{"start":{"line":195,"column":12},"end":{"line":197,"column":14}},"77":{"start":{"line":198,"column":12},"end":{"line":198,"column":37}},"78":{"start":{"line":200,"column":12},"end":{"line":200,"column":33}},"79":{"start":{"line":201,"column":12},"end":{"line":203,"column":15}},"80":{"start":{"line":204,"column":12},"end":{"line":213,"column":15}},"81":{"start":{"line":220,"column":0},"end":{"line":230,"column":2}},"82":{"start":{"line":221,"column":4},"end":{"line":229,"column":5}},"83":{"start":{"line":222,"column":21},"end":{"line":222,"column":42}},"84":{"start":{"line":223,"column":22},"end":{"line":223,"column":64}},"85":{"start":{"line":224,"column":8},"end":{"line":224,"column":75}},"86":{"start":{"line":227,"column":8},"end":{"line":227,"column":27}},"87":{"start":{"line":228,"column":8},"end":{"line":228,"column":54}},"88":{"start":{"line":232,"column":0},"end":{"line":266,"column":5}},"89":{"start":{"line":233,"column":100},"end":{"line":233,"column":108}},"90":{"start":{"line":234,"column":4},"end":{"line":265,"column":5}},"91":{"start":{"line":235,"column":6},"end":{"line":238,"column":7}},"92":{"start":{"line":236,"column":8},"end":{"line":236,"column":119}},"93":{"start":{"line":237,"column":8},"end":{"line":237,"column":59}},"94":{"start":{"line":239,"column":6},"end":{"line":242,"column":7}},"95":{"start":{"line":240,"column":8},"end":{"line":240,"column":119}},"96":{"start":{"line":241,"column":8},"end":{"line":241,"column":59}},"97":{"start":{"line":243,"column":6},"end":{"line":257,"column":8}},"98":{"start":{"line":258,"column":6},"end":{"line":258,"column":56}},"99":{"start":{"line":259,"column":6},"end":{"line":259,"column":31}},"100":{"start":{"line":261,"column":6},"end":{"line":261,"column":23}},"101":{"start":{"line":262,"column":6},"end":{"line":262,"column":49}},"102":{"start":{"line":263,"column":6},"end":{"line":263,"column":29}},"103":{"start":{"line":264,"column":6},"end":{"line":264,"column":50}},"104":{"start":{"line":273,"column":0},"end":{"line":275,"column":3}},"105":{"start":{"line":274,"column":4},"end":{"line":274,"column":62}},"106":{"start":{"line":280,"column":0},"end":{"line":368,"column":3}},"107":{"start":{"line":281,"column":4},"end":{"line":367,"column":5}},"108":{"start":{"line":282,"column":22},"end":{"line":282,"column":66}},"109":{"start":{"line":283,"column":22},"end":{"line":283,"column":36}},"110":{"start":{"line":284,"column":21},"end":{"line":284,"column":50}},"111":{"start":{"line":285,"column":8},"end":{"line":288,"column":9}},"112":{"start":{"line":286,"column":12},"end":{"line":286,"column":69}},"113":{"start":{"line":287,"column":12},"end":{"line":287,"column":52}},"114":{"start":{"line":290,"column":8},"end":{"line":290,"column":40}},"115":{"start":{"line":291,"column":8},"end":{"line":291,"column":57}},"116":{"start":{"line":292,"column":8},"end":{"line":292,"column":26}},"117":{"start":{"line":296,"column":28},"end":{"line":309,"column":9}},"118":{"start":{"line":311,"column":33},"end":{"line":317,"column":10}},"119":{"start":{"line":319,"column":34},"end":{"line":327,"column":12}},"120":{"start":{"line":329,"column":25},"end":{"line":329,"column":37}},"121":{"start":{"line":330,"column":26},"end":{"line":330,"column":36}},"122":{"start":{"line":332,"column":8},"end":{"line":361,"column":9}},"123":{"start":{"line":333,"column":12},"end":{"line":343,"column":14}},"124":{"start":{"line":334,"column":16},"end":{"line":342,"column":17}},"125":{"start":{"line":335,"column":20},"end":{"line":335,"column":37}},"126":{"start":{"line":336,"column":20},"end":{"line":336,"column":84}},"127":{"start":{"line":337,"column":20},"end":{"line":337,"column":53}},"128":{"start":{"line":339,"column":20},"end":{"line":339,"column":32}},"129":{"start":{"line":340,"column":20},"end":{"line":340,"column":117}},"130":{"start":{"line":341,"column":20},"end":{"line":341,"column":53}},"131":{"start":{"line":345,"column":13},"end":{"line":361,"column":9}},"132":{"start":{"line":346,"column":12},"end":{"line":356,"column":14}},"133":{"start":{"line":347,"column":16},"end":{"line":355,"column":17}},"134":{"start":{"line":348,"column":20},"end":{"line":348,"column":37}},"135":{"start":{"line":349,"column":20},"end":{"line":349,"column":84}},"136":{"start":{"line":350,"column":20},"end":{"line":350,"column":53}},"137":{"start":{"line":352,"column":20},"end":{"line":352,"column":32}},"138":{"start":{"line":353,"column":20},"end":{"line":353,"column":117}},"139":{"start":{"line":354,"column":20},"end":{"line":354,"column":53}},"140":{"start":{"line":359,"column":12},"end":{"line":359,"column":82}},"141":{"start":{"line":360,"column":12},"end":{"line":360,"column":45}},"142":{"start":{"line":364,"column":8},"end":{"line":364,"column":27}},"143":{"start":{"line":365,"column":8},"end":{"line":365,"column":72}},"144":{"start":{"line":366,"column":8},"end":{"line":366,"column":41}},"145":{"start":{"line":373,"column":0},"end":{"line":392,"column":3}},"146":{"start":{"line":374,"column":4},"end":{"line":391,"column":5}},"147":{"start":{"line":375,"column":21},"end":{"line":378,"column":10}},"148":{"start":{"line":379,"column":8},"end":{"line":382,"column":9}},"149":{"start":{"line":380,"column":12},"end":{"line":380,"column":59}},"150":{"start":{"line":381,"column":12},"end":{"line":381,"column":52}},"151":{"start":{"line":383,"column":8},"end":{"line":385,"column":11}},"152":{"start":{"line":387,"column":8},"end":{"line":387,"column":27}},"153":{"start":{"line":388,"column":8},"end":{"line":388,"column":25}},"154":{"start":{"line":389,"column":8},"end":{"line":389,"column":84}},"155":{"start":{"line":390,"column":8},"end":{"line":390,"column":41}},"156":{"start":{"line":395,"column":0},"end":{"line":423,"column":3}},"157":{"start":{"line":396,"column":4},"end":{"line":422,"column":5}},"158":{"start":{"line":397,"column":21},"end":{"line":400,"column":10}},"159":{"start":{"line":401,"column":8},"end":{"line":404,"column":9}},"160":{"start":{"line":402,"column":12},"end":{"line":402,"column":59}},"161":{"start":{"line":403,"column":12},"end":{"line":403,"column":52}},"162":{"start":{"line":405,"column":8},"end":{"line":408,"column":9}},"163":{"start":{"line":406,"column":12},"end":{"line":406,"column":57}},"164":{"start":{"line":407,"column":12},"end":{"line":407,"column":71}},"165":{"start":{"line":409,"column":21},"end":{"line":409,"column":45}},"166":{"start":{"line":410,"column":8},"end":{"line":410,"column":67}},"167":{"start":{"line":411,"column":8},"end":{"line":411,"column":44}},"168":{"start":{"line":412,"column":8},"end":{"line":412,"column":46}},"169":{"start":{"line":415,"column":8},"end":{"line":415,"column":26}},"170":{"start":{"line":416,"column":8},"end":{"line":416,"column":115}},"171":{"start":{"line":417,"column":8},"end":{"line":417,"column":31}},"172":{"start":{"line":419,"column":8},"end":{"line":419,"column":27}},"173":{"start":{"line":420,"column":8},"end":{"line":420,"column":84}},"174":{"start":{"line":421,"column":8},"end":{"line":421,"column":60}},"175":{"start":{"line":428,"column":0},"end":{"line":437,"column":2}},"176":{"start":{"line":429,"column":17},"end":{"line":429,"column":50}},"177":{"start":{"line":430,"column":4},"end":{"line":436,"column":5}},"178":{"start":{"line":431,"column":8},"end":{"line":431,"column":65}},"179":{"start":{"line":434,"column":8},"end":{"line":434,"column":25}},"180":{"start":{"line":435,"column":8},"end":{"line":435,"column":31}},"181":{"start":{"line":439,"column":0},"end":{"line":470,"column":3}},"182":{"start":{"line":440,"column":40},"end":{"line":440,"column":48}},"183":{"start":{"line":441,"column":4},"end":{"line":443,"column":5}},"184":{"start":{"line":442,"column":8},"end":{"line":442,"column":46}},"185":{"start":{"line":444,"column":4},"end":{"line":447,"column":5}},"186":{"start":{"line":445,"column":8},"end":{"line":445,"column":43}},"187":{"start":{"line":446,"column":8},"end":{"line":446,"column":40}},"188":{"start":{"line":448,"column":4},"end":{"line":451,"column":5}},"189":{"start":{"line":449,"column":8},"end":{"line":449,"column":45}},"190":{"start":{"line":450,"column":8},"end":{"line":450,"column":40}},"191":{"start":{"line":452,"column":4},"end":{"line":469,"column":5}},"192":{"start":{"line":453,"column":12},"end":{"line":460,"column":15}},"193":{"start":{"line":461,"column":8},"end":{"line":463,"column":10}},"194":{"start":{"line":464,"column":8},"end":{"line":464,"column":33}},"195":{"start":{"line":466,"column":8},"end":{"line":466,"column":29}},"196":{"start":{"line":467,"column":8},"end":{"line":467,"column":51}},"197":{"start":{"line":468,"column":8},"end":{"line":468,"column":33}},"198":{"start":{"line":472,"column":0},"end":{"line":481,"column":2}},"199":{"start":{"line":473,"column":17},"end":{"line":473,"column":50}},"200":{"start":{"line":474,"column":4},"end":{"line":480,"column":5}},"201":{"start":{"line":475,"column":8},"end":{"line":475,"column":67}},"202":{"start":{"line":478,"column":8},"end":{"line":478,"column":25}},"203":{"start":{"line":479,"column":8},"end":{"line":479,"column":31}},"204":{"start":{"line":483,"column":0},"end":{"line":503,"column":5}},"205":{"start":{"line":484,"column":40},"end":{"line":484,"column":48}},"206":{"start":{"line":485,"column":4},"end":{"line":502,"column":5}},"207":{"start":{"line":486,"column":8},"end":{"line":489,"column":10}},"208":{"start":{"line":490,"column":8},"end":{"line":493,"column":10}},"209":{"start":{"line":494,"column":8},"end":{"line":494,"column":33}},"210":{"start":{"line":496,"column":8},"end":{"line":496,"column":29}},"211":{"start":{"line":497,"column":8},"end":{"line":500,"column":10}},"212":{"start":{"line":501,"column":8},"end":{"line":501,"column":33}},"213":{"start":{"line":508,"column":0},"end":{"line":508,"column":24}}},"fnMap":{"0":{"name":"isLoggedIn","decl":{"start":{"line":13,"column":9},"end":{"line":13,"column":19}},"loc":{"start":{"line":13,"column":35},"end":{"line":16,"column":1}},"line":13},"1":{"name":"isLoggedOut","decl":{"start":{"line":18,"column":9},"end":{"line":18,"column":20}},"loc":{"start":{"line":18,"column":36},"end":{"line":21,"column":1}},"line":18},"2":{"name":"(anonymous_2)","decl":{"start":{"line":28,"column":35},"end":{"line":28,"column":36}},"loc":{"start":{"line":28,"column":55},"end":{"line":37,"column":1}},"line":28},"3":{"name":"(anonymous_3)","decl":{"start":{"line":43,"column":34},"end":{"line":43,"column":35}},"loc":{"start":{"line":43,"column":48},"end":{"line":49,"column":1}},"line":43},"4":{"name":"(anonymous_4)","decl":{"start":{"line":56,"column":22},"end":{"line":56,"column":23}},"loc":{"start":{"line":56,"column":36},"end":{"line":60,"column":1}},"line":56},"5":{"name":"(anonymous_5)","decl":{"start":{"line":57,"column":15},"end":{"line":57,"column":16}},"loc":{"start":{"line":57,"column":21},"end":{"line":59,"column":5}},"line":57},"6":{"name":"(anonymous_6)","decl":{"start":{"line":66,"column":24},"end":{"line":66,"column":25}},"loc":{"start":{"line":66,"column":44},"end":{"line":68,"column":1}},"line":66},"7":{"name":"(anonymous_7)","decl":{"start":{"line":69,"column":25},"end":{"line":69,"column":26}},"loc":{"start":{"line":69,"column":44},"end":{"line":144,"column":1}},"line":69},"8":{"name":"(anonymous_8)","decl":{"start":{"line":148,"column":33},"end":{"line":148,"column":34}},"loc":{"start":{"line":148,"column":47},"end":{"line":150,"column":1}},"line":148},"9":{"name":"(anonymous_9)","decl":{"start":{"line":152,"column":22},"end":{"line":152,"column":23}},"loc":{"start":{"line":152,"column":42},"end":{"line":216,"column":1}},"line":152},"10":{"name":"(anonymous_10)","decl":{"start":{"line":220,"column":42},"end":{"line":220,"column":43}},"loc":{"start":{"line":220,"column":62},"end":{"line":230,"column":1}},"line":220},"11":{"name":"(anonymous_11)","decl":{"start":{"line":232,"column":30},"end":{"line":232,"column":31}},"loc":{"start":{"line":232,"column":50},"end":{"line":266,"column":3}},"line":232},"12":{"name":"(anonymous_12)","decl":{"start":{"line":273,"column":31},"end":{"line":273,"column":32}},"loc":{"start":{"line":273,"column":45},"end":{"line":275,"column":1}},"line":273},"13":{"name":"(anonymous_13)","decl":{"start":{"line":280,"column":32},"end":{"line":280,"column":33}},"loc":{"start":{"line":280,"column":52},"end":{"line":368,"column":1}},"line":280},"14":{"name":"(anonymous_14)","decl":{"start":{"line":333,"column":51},"end":{"line":333,"column":52}},"loc":{"start":{"line":333,"column":70},"end":{"line":343,"column":13}},"line":333},"15":{"name":"(anonymous_15)","decl":{"start":{"line":346,"column":52},"end":{"line":346,"column":53}},"loc":{"start":{"line":346,"column":71},"end":{"line":356,"column":13}},"line":346},"16":{"name":"(anonymous_16)","decl":{"start":{"line":373,"column":37},"end":{"line":373,"column":38}},"loc":{"start":{"line":373,"column":57},"end":{"line":392,"column":1}},"line":373},"17":{"name":"(anonymous_17)","decl":{"start":{"line":395,"column":38},"end":{"line":395,"column":39}},"loc":{"start":{"line":395,"column":58},"end":{"line":423,"column":1}},"line":395},"18":{"name":"(anonymous_18)","decl":{"start":{"line":428,"column":36},"end":{"line":428,"column":37}},"loc":{"start":{"line":428,"column":56},"end":{"line":437,"column":1}},"line":428},"19":{"name":"(anonymous_19)","decl":{"start":{"line":439,"column":25},"end":{"line":439,"column":26}},"loc":{"start":{"line":439,"column":44},"end":{"line":470,"column":1}},"line":439},"20":{"name":"(anonymous_20)","decl":{"start":{"line":472,"column":36},"end":{"line":472,"column":37}},"loc":{"start":{"line":472,"column":56},"end":{"line":481,"column":1}},"line":472},"21":{"name":"(anonymous_21)","decl":{"start":{"line":483,"column":25},"end":{"line":483,"column":26}},"loc":{"start":{"line":483,"column":44},"end":{"line":503,"column":3}},"line":483}},"branchMap":{"0":{"loc":{"start":{"line":14,"column":4},"end":{"line":14,"column":44}},"type":"if","locations":[{"start":{"line":14,"column":4},"end":{"line":14,"column":44}},{"start":{},"end":{}}],"line":14},"1":{"loc":{"start":{"line":19,"column":4},"end":{"line":19,"column":45}},"type":"if","locations":[{"start":{"line":19,"column":4},"end":{"line":19,"column":45}},{"start":{},"end":{}}],"line":19},"2":{"loc":{"start":{"line":74,"column":4},"end":{"line":78,"column":5}},"type":"if","locations":[{"start":{"line":74,"column":4},"end":{"line":78,"column":5}},{"start":{},"end":{}}],"line":74},"3":{"loc":{"start":{"line":74,"column":8},"end":{"line":74,"column":54}},"type":"binary-expr","locations":[{"start":{"line":74,"column":8},"end":{"line":74,"column":17}},{"start":{"line":74,"column":21},"end":{"line":74,"column":27}},{"start":{"line":74,"column":31},"end":{"line":74,"column":40}},{"start":{"line":74,"column":44},"end":{"line":74,"column":54}}],"line":74},"4":{"loc":{"start":{"line":81,"column":4},"end":{"line":85,"column":5}},"type":"if","locations":[{"start":{"line":81,"column":4},"end":{"line":85,"column":5}},{"start":{},"end":{}}],"line":81},"5":{"loc":{"start":{"line":88,"column":4},"end":{"line":92,"column":5}},"type":"if","locations":[{"start":{"line":88,"column":4},"end":{"line":92,"column":5}},{"start":{},"end":{}}],"line":88},"6":{"loc":{"start":{"line":94,"column":4},"end":{"line":98,"column":5}},"type":"if","locations":[{"start":{"line":94,"column":4},"end":{"line":98,"column":5}},{"start":{},"end":{}}],"line":94},"7":{"loc":{"start":{"line":100,"column":4},"end":{"line":104,"column":5}},"type":"if","locations":[{"start":{"line":100,"column":4},"end":{"line":104,"column":5}},{"start":{},"end":{}}],"line":100},"8":{"loc":{"start":{"line":106,"column":4},"end":{"line":143,"column":5}},"type":"if","locations":[{"start":{"line":106,"column":4},"end":{"line":143,"column":5}},{"start":{"line":114,"column":11},"end":{"line":143,"column":5}}],"line":106},"9":{"loc":{"start":{"line":155,"column":4},"end":{"line":159,"column":5}},"type":"if","locations":[{"start":{"line":155,"column":4},"end":{"line":159,"column":5}},{"start":{},"end":{}}],"line":155},"10":{"loc":{"start":{"line":155,"column":8},"end":{"line":155,"column":100}},"type":"binary-expr","locations":[{"start":{"line":155,"column":8},"end":{"line":155,"column":19}},{"start":{"line":155,"column":23},"end":{"line":155,"column":35}},{"start":{"line":155,"column":39},"end":{"line":155,"column":51}},{"start":{"line":155,"column":55},"end":{"line":155,"column":60}},{"start":{"line":155,"column":64},"end":{"line":155,"column":71}},{"start":{"line":155,"column":75},"end":{"line":155,"column":90}},{"start":{"line":155,"column":93},"end":{"line":155,"column":100}}],"line":155},"11":{"loc":{"start":{"line":160,"column":4},"end":{"line":164,"column":5}},"type":"if","locations":[{"start":{"line":160,"column":4},"end":{"line":164,"column":5}},{"start":{},"end":{}}],"line":160},"12":{"loc":{"start":{"line":165,"column":4},"end":{"line":169,"column":5}},"type":"if","locations":[{"start":{"line":165,"column":4},"end":{"line":169,"column":5}},{"start":{},"end":{}}],"line":165},"13":{"loc":{"start":{"line":170,"column":4},"end":{"line":215,"column":5}},"type":"if","locations":[{"start":{"line":170,"column":4},"end":{"line":215,"column":5}},{"start":{"line":182,"column":10},"end":{"line":215,"column":5}}],"line":170},"14":{"loc":{"start":{"line":235,"column":6},"end":{"line":238,"column":7}},"type":"if","locations":[{"start":{"line":235,"column":6},"end":{"line":238,"column":7}},{"start":{},"end":{}}],"line":235},"15":{"loc":{"start":{"line":239,"column":6},"end":{"line":242,"column":7}},"type":"if","locations":[{"start":{"line":239,"column":6},"end":{"line":242,"column":7}},{"start":{},"end":{}}],"line":239},"16":{"loc":{"start":{"line":285,"column":8},"end":{"line":288,"column":9}},"type":"if","locations":[{"start":{"line":285,"column":8},"end":{"line":288,"column":9}},{"start":{},"end":{}}],"line":285},"17":{"loc":{"start":{"line":332,"column":8},"end":{"line":361,"column":9}},"type":"if","locations":[{"start":{"line":332,"column":8},"end":{"line":361,"column":9}},{"start":{"line":345,"column":13},"end":{"line":361,"column":9}}],"line":332},"18":{"loc":{"start":{"line":334,"column":16},"end":{"line":342,"column":17}},"type":"if","locations":[{"start":{"line":334,"column":16},"end":{"line":342,"column":17}},{"start":{"line":338,"column":23},"end":{"line":342,"column":17}}],"line":334},"19":{"loc":{"start":{"line":345,"column":13},"end":{"line":361,"column":9}},"type":"if","locations":[{"start":{"line":345,"column":13},"end":{"line":361,"column":9}},{"start":{"line":358,"column":12},"end":{"line":361,"column":9}}],"line":345},"20":{"loc":{"start":{"line":347,"column":16},"end":{"line":355,"column":17}},"type":"if","locations":[{"start":{"line":347,"column":16},"end":{"line":355,"column":17}},{"start":{"line":351,"column":23},"end":{"line":355,"column":17}}],"line":347},"21":{"loc":{"start":{"line":379,"column":8},"end":{"line":382,"column":9}},"type":"if","locations":[{"start":{"line":379,"column":8},"end":{"line":382,"column":9}},{"start":{},"end":{}}],"line":379},"22":{"loc":{"start":{"line":401,"column":8},"end":{"line":404,"column":9}},"type":"if","locations":[{"start":{"line":401,"column":8},"end":{"line":404,"column":9}},{"start":{},"end":{}}],"line":401},"23":{"loc":{"start":{"line":405,"column":8},"end":{"line":408,"column":9}},"type":"if","locations":[{"start":{"line":405,"column":8},"end":{"line":408,"column":9}},{"start":{},"end":{}}],"line":405},"24":{"loc":{"start":{"line":441,"column":4},"end":{"line":443,"column":5}},"type":"if","locations":[{"start":{"line":441,"column":4},"end":{"line":443,"column":5}},{"start":{},"end":{}}],"line":441},"25":{"loc":{"start":{"line":441,"column":7},"end":{"line":441,"column":42}},"type":"binary-expr","locations":[{"start":{"line":441,"column":7},"end":{"line":441,"column":13}},{"start":{"line":441,"column":17},"end":{"line":441,"column":23}},{"start":{"line":441,"column":27},"end":{"line":441,"column":34}},{"start":{"line":441,"column":38},"end":{"line":441,"column":42}}],"line":441},"26":{"loc":{"start":{"line":444,"column":4},"end":{"line":447,"column":5}},"type":"if","locations":[{"start":{"line":444,"column":4},"end":{"line":447,"column":5}},{"start":{},"end":{}}],"line":444},"27":{"loc":{"start":{"line":448,"column":4},"end":{"line":451,"column":5}},"type":"if","locations":[{"start":{"line":448,"column":4},"end":{"line":451,"column":5}},{"start":{},"end":{}}],"line":448}},"s":{"0":1,"1":1,"2":1,"3":1,"4":1,"5":1,"6":1,"7":1,"8":1,"9":1,"10":0,"11":0,"12":0,"13":1,"14":1,"15":0,"16":1,"17":0,"18":0,"19":0,"20":0,"21":0,"22":0,"23":1,"24":1,"25":1,"26":1,"27":1,"28":0,"29":0,"30":1,"31":0,"32":1,"33":0,"34":0,"35":0,"36":0,"37":0,"38":0,"39":0,"40":0,"41":0,"42":0,"43":0,"44":0,"45":0,"46":0,"47":0,"48":0,"49":0,"50":0,"51":0,"52":0,"53":0,"54":0,"55":0,"56":0,"57":0,"58":0,"59":0,"60":1,"61":0,"62":1,"63":0,"64":0,"65":0,"66":0,"67":0,"68":0,"69":0,"70":0,"71":0,"72":0,"73":0,"74":0,"75":0,"76":0,"77":0,"78":0,"79":0,"80":0,"81":1,"82":0,"83":0,"84":0,"85":0,"86":0,"87":0,"88":1,"89":0,"90":0,"91":0,"92":0,"93":0,"94":0,"95":0,"96":0,"97":0,"98":0,"99":0,"100":0,"101":0,"102":0,"103":0,"104":1,"105":0,"106":1,"107":0,"108":0,"109":0,"110":0,"111":0,"112":0,"113":0,"114":0,"115":0,"116":0,"117":0,"118":0,"119":0,"120":0,"121":0,"122":0,"123":0,"124":0,"125":0,"126":0,"127":0,"128":0,"129":0,"130":0,"131":0,"132":0,"133":0,"134":0,"135":0,"136":0,"137":0,"138":0,"139":0,"140":0,"141":0,"142":0,"143":0,"144":0,"145":1,"146":0,"147":0,"148":0,"149":0,"150":0,"151":0,"152":0,"153":0,"154":0,"155":0,"156":1,"157":0,"158":0,"159":0,"160":0,"161":0,"162":0,"163":0,"164":0,"165":0,"166":0,"167":0,"168":0,"169":0,"170":0,"171":0,"172":0,"173":0,"174":0,"175":1,"176":0,"177":0,"178":0,"179":0,"180":0,"181":1,"182":0,"183":0,"184":0,"185":0,"186":0,"187":0,"188":0,"189":0,"190":0,"191":0,"192":0,"193":0,"194":0,"195":0,"196":0,"197":0,"198":1,"199":0,"200":0,"201":0,"202":0,"203":0,"204":1,"205":0,"206":0,"207":0,"208":0,"209":0,"210":0,"211":0,"212":0,"213":1},"f":{"0":0,"1":1,"2":0,"3":1,"4":0,"5":0,"6":0,"7":0,"8":0,"9":0,"10":0,"11":0,"12":0,"13":0,"14":0,"15":0,"16":0,"17":0,"18":0,"19":0,"20":0,"21":0},"b":{"0":[0,0],"1":[1,0],"2":[0,0],"3":[0,0,0,0],"4":[0,0],"5":[0,0],"6":[0,0],"7":[0,0],"8":[0,0],"9":[0,0],"10":[0,0,0,0,0,0,0],"11":[0,0],"12":[0,0],"13":[0,0],"14":[0,0],"15":[0,0],"16":[0,0],"17":[0,0],"18":[0,0],"19":[0,0],"20":[0,0],"21":[0,0],"22":[0,0],"23":[0,0],"24":[0,0],"25":[0,0,0,0],"26":[0,0],"27":[0,0]},"_coverageSchema":"1a1c01bbd47fc00a2c39e90264f33305004495a9","hash":"2f068344f47615c40486e1d670ceda2f737b956e"}
,"D:\\Предмети_інформатика\\Дипломна_робота\\map\\water\\tests\\sum.js": {"path":"D:\\Предмети_інформатика\\Дипломна_робота\\map\\water\\tests\\sum.js","statementMap":{"0":{"start":{"line":2,"column":4},"end":{"line":2,"column":17}},"1":{"start":{"line":4,"column":2},"end":{"line":4,"column":23}}},"fnMap":{"0":{"name":"sum","decl":{"start":{"line":1,"column":9},"end":{"line":1,"column":12}},"loc":{"start":{"line":1,"column":19},"end":{"line":3,"column":3}},"line":1}},"branchMap":{},"s":{"0":1,"1":1},"f":{"0":1},"b":{},"_coverageSchema":"1a1c01bbd47fc00a2c39e90264f33305004495a9","hash":"057ca74ad720a13588e023f7d508d5d4d4c3cb7d"}
}
