TN:
SF:app.js
FN:43,(anonymous_0)
FN:72,(anonymous_1)
FN:80,(anonymous_2)
FN:88,(anonymous_3)
FN:92,(anonymous_4)
FN:104,(anonymous_5)
FN:120,(anonymous_6)
FN:124,(anonymous_7)
FN:126,(anonymous_8)
FN:131,(anonymous_9)
FN:149,runner_server
FN:152,(anonymous_11)
FN:154,(anonymous_12)
FN:162,(anonymous_13)
FNF:14
FNH:5
FNDA:0,(anonymous_0)
FNDA:1,(anonymous_1)
FNDA:1,(anonymous_2)
FNDA:0,(anonymous_3)
FNDA:0,(anonymous_4)
FNDA:0,(anonymous_5)
FNDA:0,(anonymous_6)
FNDA:0,(anonymous_7)
FNDA:0,(anonymous_8)
FNDA:0,(anonymous_9)
FNDA:1,runner_server
FNDA:1,(anonymous_11)
FNDA:1,(anonymous_12)
FNDA:0,(anonymous_13)
DA:1,1
DA:2,1
DA:3,1
DA:4,1
DA:5,1
DA:6,1
DA:7,1
DA:8,1
DA:9,1
DA:10,1
DA:11,1
DA:12,1
DA:13,1
DA:14,1
DA:18,1
DA:31,1
DA:40,1
DA:44,0
DA:49,1
DA:50,1
DA:55,1
DA:57,1
DA:64,1
DA:66,1
DA:69,1
DA:72,1
DA:73,1
DA:77,1
DA:80,1
DA:81,1
DA:82,1
DA:88,1
DA:89,0
DA:92,1
DA:93,0
DA:95,0
DA:96,0
DA:99,0
DA:103,1
DA:105,0
DA:106,0
DA:107,0
DA:109,0
DA:110,0
DA:111,0
DA:114,0
DA:120,1
DA:121,0
DA:125,0
DA:126,0
DA:127,0
DA:128,0
DA:129,0
DA:132,0
DA:138,1
DA:139,1
DA:144,1
DA:149,1
DA:153,1
DA:154,1
DA:155,1
DA:156,0
DA:159,1
DA:163,0
DA:203,1
DA:206,1
LF:66
LH:44
BRDA:31,0,0,1
BRDA:31,0,1,1
BRDA:44,1,0,0
BRDA:44,1,1,0
BRDA:107,2,0,0
BRDA:107,2,1,0
BRDA:110,3,0,0
BRDA:110,3,1,0
BRDA:125,4,0,0
BRDA:125,4,1,0
BRDA:127,5,0,0
BRDA:127,5,1,0
BRDA:128,6,0,0
BRDA:128,6,1,0
BRDA:155,7,0,0
BRDA:155,7,1,1
BRF:16
BRH:3
end_of_record
TN:
SF:models\user.js
FNF:0
FNH:0
DA:1,1
DA:4,1
DA:46,1
LF:3
LH:3
BRF:0
BRH:0
end_of_record
TN:
SF:models\water.js
FN:17,(anonymous_0)
FN:20,(anonymous_1)
FN:29,(anonymous_2)
FN:32,(anonymous_3)
FN:54,(anonymous_4)
FN:57,(anonymous_5)
FNF:6
FNH:0
FNDA:0,(anonymous_0)
FNDA:0,(anonymous_1)
FNDA:0,(anonymous_2)
FNDA:0,(anonymous_3)
FNDA:0,(anonymous_4)
FNDA:0,(anonymous_5)
DA:3,1
DA:7,1
DA:18,0
DA:20,0
DA:30,0
DA:32,0
DA:55,0
DA:57,0
DA:65,1
DA:67,1
LF:10
LH:4
BRF:0
BRH:0
end_of_record
TN:
SF:routes\start.js
FN:13,isLoggedIn
FN:18,isLoggedOut
FN:28,(anonymous_2)
FN:43,(anonymous_3)
FN:56,(anonymous_4)
FN:57,(anonymous_5)
FN:66,(anonymous_6)
FN:69,(anonymous_7)
FN:148,(anonymous_8)
FN:152,(anonymous_9)
FN:220,(anonymous_10)
FN:232,(anonymous_11)
FN:273,(anonymous_12)
FN:280,(anonymous_13)
FN:333,(anonymous_14)
FN:346,(anonymous_15)
FN:373,(anonymous_16)
FN:395,(anonymous_17)
FN:428,(anonymous_18)
FN:439,(anonymous_19)
FN:472,(anonymous_20)
FN:483,(anonymous_21)
FNF:22
FNH:2
FNDA:0,isLoggedIn
FNDA:1,isLoggedOut
FNDA:0,(anonymous_2)
FNDA:1,(anonymous_3)
FNDA:0,(anonymous_4)
FNDA:0,(anonymous_5)
FNDA:0,(anonymous_6)
FNDA:0,(anonymous_7)
FNDA:0,(anonymous_8)
FNDA:0,(anonymous_9)
FNDA:0,(anonymous_10)
FNDA:0,(anonymous_11)
FNDA:0,(anonymous_12)
FNDA:0,(anonymous_13)
FNDA:0,(anonymous_14)
FNDA:0,(anonymous_15)
FNDA:0,(anonymous_16)
FNDA:0,(anonymous_17)
FNDA:0,(anonymous_18)
FNDA:0,(anonymous_19)
FNDA:0,(anonymous_20)
FNDA:0,(anonymous_21)
DA:1,1
DA:2,1
DA:3,1
DA:4,1
DA:5,1
DA:6,1
DA:7,1
DA:8,1
DA:9,1
DA:10,1
DA:14,0
DA:15,0
DA:19,1
DA:20,0
DA:28,1
DA:29,0
DA:30,0
DA:31,0
DA:32,0
DA:34,0
DA:35,0
DA:43,1
DA:44,1
DA:48,1
DA:51,1
DA:56,1
DA:57,0
DA:58,0
DA:66,1
DA:67,0
DA:69,1
DA:70,0
DA:72,0
DA:74,0
DA:75,0
DA:80,0
DA:81,0
DA:82,0
DA:87,0
DA:88,0
DA:89,0
DA:94,0
DA:95,0
DA:100,0
DA:101,0
DA:106,0
DA:107,0
DA:115,0
DA:116,0
DA:122,0
DA:123,0
DA:124,0
DA:126,0
DA:128,0
DA:129,0
DA:131,0
DA:132,0
DA:135,0
DA:148,1
DA:149,0
DA:152,1
DA:153,0
DA:154,0
DA:155,0
DA:156,0
DA:160,0
DA:161,0
DA:165,0
DA:166,0
DA:170,0
DA:171,0
DA:183,0
DA:184,0
DA:194,0
DA:195,0
DA:198,0
DA:200,0
DA:201,0
DA:204,0
DA:220,1
DA:221,0
DA:222,0
DA:223,0
DA:224,0
DA:227,0
DA:228,0
DA:232,1
DA:233,0
DA:234,0
DA:235,0
DA:236,0
DA:237,0
DA:239,0
DA:240,0
DA:241,0
DA:243,0
DA:258,0
DA:259,0
DA:261,0
DA:262,0
DA:263,0
DA:264,0
DA:273,1
DA:274,0
DA:280,1
DA:281,0
DA:282,0
DA:283,0
DA:284,0
DA:285,0
DA:286,0
DA:287,0
DA:290,0
DA:291,0
DA:292,0
DA:296,0
DA:311,0
DA:319,0
DA:329,0
DA:330,0
DA:332,0
DA:333,0
DA:334,0
DA:335,0
DA:336,0
DA:337,0
DA:339,0
DA:340,0
DA:341,0
DA:345,0
DA:346,0
DA:347,0
DA:348,0
DA:349,0
DA:350,0
DA:352,0
DA:353,0
DA:354,0
DA:359,0
DA:360,0
DA:364,0
DA:365,0
DA:366,0
DA:373,1
DA:374,0
DA:375,0
DA:379,0
DA:380,0
DA:381,0
DA:383,0
DA:387,0
DA:388,0
DA:389,0
DA:390,0
DA:395,1
DA:396,0
DA:397,0
DA:401,0
DA:402,0
DA:403,0
DA:405,0
DA:406,0
DA:407,0
DA:409,0
DA:410,0
DA:411,0
DA:412,0
DA:415,0
DA:416,0
DA:417,0
DA:419,0
DA:420,0
DA:421,0
DA:428,1
DA:429,0
DA:430,0
DA:431,0
DA:434,0
DA:435,0
DA:439,1
DA:440,0
DA:441,0
DA:442,0
DA:444,0
DA:445,0
DA:446,0
DA:448,0
DA:449,0
DA:450,0
DA:452,0
DA:453,0
DA:461,0
DA:464,0
DA:466,0
DA:467,0
DA:468,0
DA:472,1
DA:473,0
DA:474,0
DA:475,0
DA:478,0
DA:479,0
DA:483,1
DA:484,0
DA:485,0
DA:486,0
DA:490,0
DA:494,0
DA:496,0
DA:497,0
DA:501,0
DA:508,1
LF:212
LH:32
BRDA:14,0,0,0
BRDA:14,0,1,0
BRDA:19,1,0,1
BRDA:19,1,1,0
BRDA:74,2,0,0
BRDA:74,2,1,0
BRDA:74,3,0,0
BRDA:74,3,1,0
BRDA:74,3,2,0
BRDA:74,3,3,0
BRDA:81,4,0,0
BRDA:81,4,1,0
BRDA:88,5,0,0
BRDA:88,5,1,0
BRDA:94,6,0,0
BRDA:94,6,1,0
BRDA:100,7,0,0
BRDA:100,7,1,0
BRDA:106,8,0,0
BRDA:106,8,1,0
BRDA:155,9,0,0
BRDA:155,9,1,0
BRDA:155,10,0,0
BRDA:155,10,1,0
BRDA:155,10,2,0
BRDA:155,10,3,0
BRDA:155,10,4,0
BRDA:155,10,5,0
BRDA:155,10,6,0
BRDA:160,11,0,0
BRDA:160,11,1,0
BRDA:165,12,0,0
BRDA:165,12,1,0
BRDA:170,13,0,0
BRDA:170,13,1,0
BRDA:235,14,0,0
BRDA:235,14,1,0
BRDA:239,15,0,0
BRDA:239,15,1,0
BRDA:285,16,0,0
BRDA:285,16,1,0
BRDA:332,17,0,0
BRDA:332,17,1,0
BRDA:334,18,0,0
BRDA:334,18,1,0
BRDA:345,19,0,0
BRDA:345,19,1,0
BRDA:347,20,0,0
BRDA:347,20,1,0
BRDA:379,21,0,0
BRDA:379,21,1,0
BRDA:401,22,0,0
BRDA:401,22,1,0
BRDA:405,23,0,0
BRDA:405,23,1,0
BRDA:441,24,0,0
BRDA:441,24,1,0
BRDA:441,25,0,0
BRDA:441,25,1,0
BRDA:441,25,2,0
BRDA:441,25,3,0
BRDA:444,26,0,0
BRDA:444,26,1,0
BRDA:448,27,0,0
BRDA:448,27,1,0
BRF:65
BRH:1
end_of_record
TN:
SF:tests\sum.js
FN:1,sum
FNF:1
FNH:1
FNDA:1,sum
DA:2,1
DA:4,1
LF:2
LH:2
BRF:0
BRH:0
end_of_record
