TN:
SF:app.js
FN:33,connectToDatabase
FN:52,startServer
FN:73,(anonymous_2)
FN:102,(anonymous_3)
FN:110,(anonymous_4)
FN:118,(anonymous_5)
FN:122,(anonymous_6)
FN:134,(anonymous_7)
FNF:8
FNH:8
FNDA:1,connectToDatabase
FNDA:1,startServer
FNDA:1,(anonymous_2)
FNDA:35,(anonymous_3)
FNDA:35,(anonymous_4)
FNDA:5,(anonymous_5)
FNDA:4,(anonymous_6)
FNDA:7,(anonymous_7)
DA:1,1
DA:2,1
DA:3,1
DA:4,1
DA:5,1
DA:6,1
DA:7,1
DA:8,1
DA:9,1
DA:10,1
DA:11,1
DA:12,1
DA:13,1
DA:14,1
DA:15,1
DA:18,1
DA:31,1
DA:34,1
DA:35,1
DA:39,1
DA:40,1
DA:42,0
DA:43,0
DA:53,1
DA:54,1
DA:55,1
DA:56,0
DA:57,0
DA:59,1
DA:60,1
DA:62,0
DA:63,0
DA:70,1
DA:74,1
DA:79,1
DA:80,1
DA:85,1
DA:87,1
DA:94,1
DA:96,1
DA:99,1
DA:102,1
DA:103,35
DA:107,35
DA:110,1
DA:111,35
DA:112,35
DA:118,1
DA:119,5
DA:122,1
DA:123,4
DA:125,4
DA:126,4
DA:129,0
DA:133,1
DA:135,7
DA:136,7
DA:137,7
DA:139,5
DA:140,5
DA:141,5
DA:144,0
DA:151,1
DA:152,1
DA:157,1
DA:201,1
DA:204,1
LF:67
LH:59
BRDA:31,0,0,1
BRDA:31,0,1,1
BRDA:55,1,0,0
BRDA:55,1,1,1
BRDA:74,2,0,1
BRDA:74,2,1,0
BRDA:137,3,0,2
BRDA:137,3,1,5
BRDA:140,4,0,0
BRDA:140,4,1,5
BRF:10
BRH:7
end_of_record
TN:
SF:models\user.js
FNF:0
FNH:0
DA:1,1
DA:4,1
DA:46,1
LF:3
LH:3
BRF:0
BRH:0
end_of_record
TN:
SF:models\water.js
FN:17,(anonymous_0)
FN:20,(anonymous_1)
FN:29,(anonymous_2)
FN:32,(anonymous_3)
FN:54,(anonymous_4)
FN:57,(anonymous_5)
FNF:6
FNH:3
FNDA:2,(anonymous_0)
FNDA:0,(anonymous_1)
FNDA:2,(anonymous_2)
FNDA:0,(anonymous_3)
FNDA:2,(anonymous_4)
FNDA:0,(anonymous_5)
DA:3,1
DA:7,1
DA:18,2
DA:20,0
DA:30,2
DA:32,0
DA:55,2
DA:57,0
DA:65,1
DA:67,1
LF:10
LH:7
BRDA:55,0,0,2
BRDA:55,0,1,2
BRF:2
BRH:2
end_of_record
TN:
SF:routes\start.js
FN:14,isLoggedIn
FN:19,isLoggedOut
FN:29,(anonymous_2)
FN:44,(anonymous_3)
FN:57,(anonymous_4)
FN:58,(anonymous_5)
FN:67,(anonymous_6)
FN:73,(anonymous_7)
FN:156,(anonymous_8)
FN:160,(anonymous_9)
FN:228,(anonymous_10)
FN:240,(anonymous_11)
FN:281,(anonymous_12)
FN:288,(anonymous_13)
FN:341,(anonymous_14)
FN:354,(anonymous_15)
FN:381,(anonymous_16)
FN:403,(anonymous_17)
FN:436,(anonymous_18)
FN:447,(anonymous_19)
FN:480,(anonymous_20)
FN:491,(anonymous_21)
FNF:22
FNH:13
FNDA:6,isLoggedIn
FNDA:2,isLoggedOut
FNDA:1,(anonymous_2)
FNDA:2,(anonymous_3)
FNDA:1,(anonymous_4)
FNDA:1,(anonymous_5)
FNDA:2,(anonymous_6)
FNDA:7,(anonymous_7)
FNDA:2,(anonymous_8)
FNDA:4,(anonymous_9)
FNDA:1,(anonymous_10)
FNDA:3,(anonymous_11)
FNDA:0,(anonymous_12)
FNDA:0,(anonymous_13)
FNDA:0,(anonymous_14)
FNDA:0,(anonymous_15)
FNDA:3,(anonymous_16)
FNDA:0,(anonymous_17)
FNDA:0,(anonymous_18)
FNDA:0,(anonymous_19)
FNDA:0,(anonymous_20)
FNDA:0,(anonymous_21)
DA:1,1
DA:2,1
DA:3,1
DA:4,1
DA:5,1
DA:6,1
DA:7,1
DA:8,1
DA:9,1
DA:10,1
DA:15,6
DA:16,2
DA:20,2
DA:21,0
DA:29,1
DA:30,1
DA:31,1
DA:32,1
DA:33,1
DA:35,0
DA:36,0
DA:44,1
DA:45,2
DA:49,2
DA:52,1
DA:57,1
DA:58,1
DA:59,1
DA:67,1
DA:68,2
DA:73,1
DA:74,7
DA:76,7
DA:78,7
DA:79,1
DA:84,7
DA:85,7
DA:86,1
DA:91,7
DA:92,7
DA:93,3
DA:98,7
DA:99,3
DA:104,7
DA:105,1
DA:110,7
DA:111,6
DA:119,1
DA:120,1
DA:126,1
DA:127,1
DA:128,1
DA:130,1
DA:132,1
DA:133,1
DA:135,0
DA:136,0
DA:139,0
DA:150,1
DA:156,1
DA:157,2
DA:160,1
DA:161,4
DA:162,4
DA:163,4
DA:164,1
DA:168,4
DA:169,2
DA:173,4
DA:174,2
DA:178,4
DA:179,3
DA:191,1
DA:192,1
DA:202,1
DA:203,1
DA:206,1
DA:208,0
DA:209,0
DA:212,0
DA:228,1
DA:229,1
DA:230,1
DA:231,1
DA:232,1
DA:235,0
DA:236,0
DA:240,1
DA:241,3
DA:242,3
DA:243,3
DA:244,1
DA:245,1
DA:247,2
DA:248,1
DA:249,1
DA:251,1
DA:266,1
DA:267,1
DA:269,0
DA:270,0
DA:271,0
DA:272,0
DA:281,1
DA:282,0
DA:288,1
DA:289,0
DA:290,0
DA:291,0
DA:292,0
DA:293,0
DA:294,0
DA:295,0
DA:298,0
DA:299,0
DA:300,0
DA:304,0
DA:319,0
DA:327,0
DA:337,0
DA:338,0
DA:340,0
DA:341,0
DA:342,0
DA:343,0
DA:344,0
DA:345,0
DA:347,0
DA:348,0
DA:349,0
DA:353,0
DA:354,0
DA:355,0
DA:356,0
DA:357,0
DA:358,0
DA:360,0
DA:361,0
DA:362,0
DA:367,0
DA:368,0
DA:372,0
DA:373,0
DA:374,0
DA:381,1
DA:382,3
DA:383,3
DA:387,2
DA:388,1
DA:389,1
DA:391,1
DA:395,1
DA:396,1
DA:397,1
DA:398,1
DA:403,1
DA:404,0
DA:405,0
DA:409,0
DA:410,0
DA:411,0
DA:413,0
DA:414,0
DA:415,0
DA:417,0
DA:418,0
DA:419,0
DA:420,0
DA:423,0
DA:424,0
DA:425,0
DA:427,0
DA:428,0
DA:429,0
DA:436,1
DA:437,0
DA:438,0
DA:439,0
DA:442,0
DA:443,0
DA:447,1
DA:448,0
DA:449,0
DA:450,0
DA:452,0
DA:453,0
DA:454,0
DA:456,0
DA:457,0
DA:458,0
DA:460,0
DA:461,0
DA:469,0
DA:472,0
DA:474,0
DA:475,0
DA:476,0
DA:480,1
DA:481,0
DA:482,0
DA:483,0
DA:486,0
DA:487,0
DA:491,1
DA:492,0
DA:493,0
DA:494,0
DA:498,0
DA:502,0
DA:504,0
DA:505,0
DA:509,0
DA:516,1
DA:517,1
DA:521,1
LF:215
LH:109
BRDA:15,0,0,4
BRDA:15,0,1,2
BRDA:15,1,0,6
BRDA:15,1,1,4
BRDA:20,2,0,2
BRDA:20,2,1,0
BRDA:78,3,0,1
BRDA:78,3,1,6
BRDA:78,4,0,7
BRDA:78,4,1,7
BRDA:78,4,2,7
BRDA:78,4,3,7
BRDA:85,5,0,1
BRDA:85,5,1,6
BRDA:92,6,0,3
BRDA:92,6,1,4
BRDA:98,7,0,3
BRDA:98,7,1,4
BRDA:104,8,0,1
BRDA:104,8,1,6
BRDA:110,9,0,6
BRDA:110,9,1,1
BRDA:163,10,0,1
BRDA:163,10,1,3
BRDA:163,11,0,4
BRDA:163,11,1,3
BRDA:163,11,2,3
BRDA:163,11,3,3
BRDA:163,11,4,3
BRDA:163,11,5,3
BRDA:163,11,6,3
BRDA:168,12,0,2
BRDA:168,12,1,2
BRDA:173,13,0,2
BRDA:173,13,1,2
BRDA:178,14,0,3
BRDA:178,14,1,1
BRDA:243,15,0,1
BRDA:243,15,1,2
BRDA:247,16,0,1
BRDA:247,16,1,1
BRDA:293,17,0,0
BRDA:293,17,1,0
BRDA:340,18,0,0
BRDA:340,18,1,0
BRDA:342,19,0,0
BRDA:342,19,1,0
BRDA:353,20,0,0
BRDA:353,20,1,0
BRDA:355,21,0,0
BRDA:355,21,1,0
BRDA:387,22,0,1
BRDA:387,22,1,1
BRDA:409,23,0,0
BRDA:409,23,1,0
BRDA:413,24,0,0
BRDA:413,24,1,0
BRDA:449,25,0,0
BRDA:449,25,1,0
BRDA:449,26,0,0
BRDA:449,26,1,0
BRDA:449,26,2,0
BRDA:449,26,3,0
BRDA:452,27,0,0
BRDA:452,27,1,0
BRDA:456,28,0,0
BRDA:456,28,1,0
BRF:67
BRH:42
end_of_record
